#
# There is insufficient memory for the Java Runtime Environment to continue.
# Native memory allocation (mmap) failed to map 97517568 bytes for G1 virtual space
# Possible reasons:
#   The system is out of physical RAM or swap space
#   The process is running with CompressedOops enabled, and the Java Heap may be blocking the growth of the native heap
# Possible solutions:
#   Reduce memory load on the system
#   Increase physical memory or swap space
#   Check if swap backing store is full
#   Decrease Java heap size (-Xmx/-Xms)
#   Decrease number of Java threads
#   Decrease Java thread stack sizes (-Xss)
#   Set larger code cache with -XX:ReservedCodeCacheSize=
#   JVM is running with Unscaled Compressed Oops mode in which the Java heap is
#     placed in the first 4GB address space. The Java Heap base address is the
#     maximum limit for the native heap growth. Please use -XX:HeapBaseMinAddress
#     to set the Java Heap base and to place the Java Heap above 4GB virtual address.
# This output file may be truncated or incomplete.
#
#  Out of Memory Error (os_windows.cpp:3557), pid=9564, tid=20388
#
# JRE version: OpenJDK Runtime Environment Temurin-17.0.6+10 (17.0.6+10) (build 17.0.6+10)
# Java VM: OpenJDK 64-Bit Server VM Temurin-17.0.6+10 (17.0.6+10, mixed mode, sharing, tiered, compressed oops, compressed class ptrs, g1 gc, windows-amd64)
# No core dump will be written. Minidumps are not enabled by default on client versions of Windows
#

---------------  S U M M A R Y ------------

Command Line: -XX:MaxMetaspaceSize=512m --add-opens=java.base/java.util=ALL-UNNAMED --add-opens=java.base/java.lang=ALL-UNNAMED --add-opens=java.base/java.lang.invoke=ALL-UNNAMED --add-opens=java.prefs/java.util.prefs=ALL-UNNAMED --add-exports=jdk.compiler/com.sun.tools.javac.api=ALL-UNNAMED --add-exports=jdk.compiler/com.sun.tools.javac.util=ALL-UNNAMED --add-opens=java.base/java.nio.charset=ALL-UNNAMED --add-opens=java.base/java.net=ALL-UNNAMED --add-opens=java.base/java.util.concurrent.atomic=ALL-UNNAMED -Xmx2048m -Dfile.encoding=utf8 -Duser.country=IN -Duser.language=en -Duser.variant -javaagent:C:\Users\hp\.gradle\wrapper\dists\gradle-8.10.2-all\7iv73wktx1xtkvlq19urqw1wm\gradle-8.10.2\lib\agents\gradle-instrumentation-agent-8.10.2.jar org.gradle.launcher.daemon.bootstrap.GradleDaemon 8.10.2

Host: AMD Ryzen 5 5600H with Radeon Graphics         , 12 cores, 15G,  Windows 11 , 64 bit Build 22621 (10.0.22621.4974)
Time: Thu Mar 20 00:46:58 2025 India Standard Time elapsed time: 15.060359 seconds (0d 0h 0m 15s)

---------------  T H R E A D  ---------------

Current thread (0x00000162e9ea7a70):  VMThread "VM Thread" [stack: 0x0000002ef4100000,0x0000002ef4200000] [id=20388]

Stack: [0x0000002ef4100000,0x0000002ef4200000]
Native frames: (J=compiled Java code, j=interpreted, Vv=VM code, C=native code)
V  [jvm.dll+0x67741a]
V  [jvm.dll+0x834434]
V  [jvm.dll+0x835bde]
V  [jvm.dll+0x836243]
V  [jvm.dll+0x2457b5]
V  [jvm.dll+0x674329]
V  [jvm.dll+0x6689da]
V  [jvm.dll+0x30489b]
V  [jvm.dll+0x30bd96]
V  [jvm.dll+0x35b57e]
V  [jvm.dll+0x35b7af]
V  [jvm.dll+0x2db778]
V  [jvm.dll+0x2d9a2c]
V  [jvm.dll+0x2d8ffc]
V  [jvm.dll+0x31cdcb]
V  [jvm.dll+0x83a6eb]
V  [jvm.dll+0x83b424]
V  [jvm.dll+0x83b93c]
V  [jvm.dll+0x83bd14]
V  [jvm.dll+0x83bde0]
V  [jvm.dll+0x7e483a]
V  [jvm.dll+0x6762c5]
C  [ucrtbase.dll+0x29333]
C  [KERNEL32.DLL+0x1259d]
C  [ntdll.dll+0x5af38]

VM_Operation (0x0000002ef5aede80): G1CollectForAllocation, mode: safepoint, requested by thread 0x00000162ec3c9890


---------------  P R O C E S S  ---------------

Threads class SMR info:
_java_thread_list=0x00000162f21758d0, length=86, elements={
0x00000162cb5e8730, 0x00000162ea8050c0, 0x00000162ea805d40, 0x00000162ea818460,
0x00000162ea819010, 0x00000162ea81c9e0, 0x00000162ea81d390, 0x00000162ea81dd30,
0x00000162ea81eec0, 0x00000162ea826940, 0x00000162e9e96b70, 0x00000162eaa698e0,
0x00000162ec8b3d00, 0x00000162eb0bbaa0, 0x00000162ec6d6ae0, 0x00000162eb5af8d0,
0x00000162eaf849e0, 0x00000162ec7f22d0, 0x00000162ec3c9890, 0x00000162eb810170,
0x00000162eb812320, 0x00000162eb80f300, 0x00000162eb811e50, 0x00000162eb810640,
0x00000162eb812cc0, 0x00000162eb80f7d0, 0x00000162eb8114b0, 0x00000162eb80fca0,
0x00000162eec0ed60, 0x00000162eec0f230, 0x00000162eec10570, 0x00000162eec10f10,
0x00000162eec0d080, 0x00000162eec0e890, 0x00000162eec0aed0, 0x00000162eec0aa00,
0x00000162eec10a40, 0x00000162eec0fbd0, 0x00000162eec0def0, 0x00000162eec100a0,
0x00000162eec113e0, 0x00000162eec0c210, 0x00000162eec118b0, 0x00000162eec0b3a0,
0x00000162eec0d550, 0x00000162eec0da20, 0x00000162eff34330, 0x00000162eff334c0,
0x00000162eff34cd0, 0x00000162eff351a0, 0x00000162eff36010, 0x00000162eff364e0,
0x00000162eff32ff0, 0x00000162eff33e60, 0x00000162eff33990, 0x00000162eff34800,
0x00000162f1c04a30, 0x00000162f1bffd30, 0x00000162f1c04f00, 0x00000162f1c00200,
0x00000162f1bfeec0, 0x00000162f1c03220, 0x00000162f1c036f0, 0x00000162f1bfe9f0,
0x00000162f1c053d0, 0x00000162f1c006d0, 0x00000162f1c00ba0, 0x00000162f1c04560,
0x00000162f1bfe050, 0x00000162f1bfe520, 0x00000162f1c02880, 0x00000162f1c03bc0,
0x00000162f1c01070, 0x00000162f1c01540, 0x00000162f1c01a10, 0x00000162f1c01ee0,
0x00000162f1c023b0, 0x00000162f1c04090, 0x00000162f1c02d50, 0x00000162f1c058a0,
0x00000162f1bff390, 0x00000162f1bff860, 0x00000162f1795bb0, 0x00000162f1797890,
0x00000162f1797d60, 0x00000162f1796a20
}

Java Threads: ( => current thread )
  0x00000162cb5e8730 JavaThread "main" [_thread_blocked, id=18076, stack(0x0000002ef3b00000,0x0000002ef3c00000)]
  0x00000162ea8050c0 JavaThread "Reference Handler" daemon [_thread_blocked, id=4580, stack(0x0000002ef4200000,0x0000002ef4300000)]
  0x00000162ea805d40 JavaThread "Finalizer" daemon [_thread_blocked, id=16020, stack(0x0000002ef4300000,0x0000002ef4400000)]
  0x00000162ea818460 JavaThread "Signal Dispatcher" daemon [_thread_blocked, id=9824, stack(0x0000002ef4400000,0x0000002ef4500000)]
  0x00000162ea819010 JavaThread "Attach Listener" daemon [_thread_blocked, id=9528, stack(0x0000002ef4500000,0x0000002ef4600000)]
  0x00000162ea81c9e0 JavaThread "Service Thread" daemon [_thread_blocked, id=21980, stack(0x0000002ef4600000,0x0000002ef4700000)]
  0x00000162ea81d390 JavaThread "Monitor Deflation Thread" daemon [_thread_blocked, id=5996, stack(0x0000002ef4700000,0x0000002ef4800000)]
  0x00000162ea81dd30 JavaThread "C2 CompilerThread0" daemon [_thread_blocked, id=5312, stack(0x0000002ef4800000,0x0000002ef4900000)]
  0x00000162ea81eec0 JavaThread "C1 CompilerThread0" daemon [_thread_blocked, id=5956, stack(0x0000002ef4900000,0x0000002ef4a00000)]
  0x00000162ea826940 JavaThread "Sweeper thread" daemon [_thread_blocked, id=14180, stack(0x0000002ef4a00000,0x0000002ef4b00000)]
  0x00000162e9e96b70 JavaThread "Common-Cleaner" daemon [_thread_blocked, id=2376, stack(0x0000002ef4b00000,0x0000002ef4c00000)]
  0x00000162eaa698e0 JavaThread "Notification Thread" daemon [_thread_blocked, id=11120, stack(0x0000002ef4c00000,0x0000002ef4d00000)]
  0x00000162ec8b3d00 JavaThread "Daemon health stats" [_thread_blocked, id=20744, stack(0x0000002ef5500000,0x0000002ef5600000)]
  0x00000162eb0bbaa0 JavaThread "Incoming local TCP Connector on port 50670" [_thread_in_native, id=7004, stack(0x0000002ef5600000,0x0000002ef5700000)]
  0x00000162ec6d6ae0 JavaThread "Daemon periodic checks" [_thread_blocked, id=16632, stack(0x0000002ef5700000,0x0000002ef5800000)]
  0x00000162eb5af8d0 JavaThread "Daemon" [_thread_blocked, id=3712, stack(0x0000002ef4f00000,0x0000002ef5000000)]
  0x00000162eaf849e0 JavaThread "Handler for socket connection from /127.0.0.1:50670 to /127.0.0.1:50671" [_thread_in_native, id=4460, stack(0x0000002ef5800000,0x0000002ef5900000)]
  0x00000162ec7f22d0 JavaThread "Cancel handler" [_thread_blocked, id=1856, stack(0x0000002ef5900000,0x0000002ef5a00000)]
  0x00000162ec3c9890 JavaThread "Daemon worker" [_thread_blocked, id=6864, stack(0x0000002ef5a00000,0x0000002ef5b00000)]
  0x00000162eb810170 JavaThread "Asynchronous log dispatcher for DefaultDaemonConnection: socket connection from /127.0.0.1:50670 to /127.0.0.1:50671" [_thread_blocked, id=8648, stack(0x0000002ef5b00000,0x0000002ef5c00000)]
  0x00000162eb812320 JavaThread "Stdin handler" [_thread_blocked, id=6180, stack(0x0000002ef5c00000,0x0000002ef5d00000)]
  0x00000162eb80f300 JavaThread "Daemon client event forwarder" [_thread_blocked, id=12624, stack(0x0000002ef5d00000,0x0000002ef5e00000)]
  0x00000162eb811e50 JavaThread "Cache worker for journal cache (C:\Users\hp\.gradle\caches\journal-1)" [_thread_blocked, id=13984, stack(0x0000002ef5e00000,0x0000002ef5f00000)]
  0x00000162eb810640 JavaThread "File lock request listener" [_thread_in_native, id=22256, stack(0x0000002ef5f00000,0x0000002ef6000000)]
  0x00000162eb812cc0 JavaThread "Cache worker for file hash cache (C:\Users\hp\.gradle\caches\8.10.2\fileHashes)" [_thread_blocked, id=9576, stack(0x0000002ef6000000,0x0000002ef6100000)]
  0x00000162eb80f7d0 JavaThread "Cache worker for file hash cache (C:\Users\hp\Desktop\Mobile_movie_app\android\.gradle\8.10.2\fileHashes)" [_thread_blocked, id=7832, stack(0x0000002ef6100000,0x0000002ef6200000)]
  0x00000162eb8114b0 JavaThread "Cache worker for Build Output Cleanup Cache (C:\Users\hp\Desktop\Mobile_movie_app\android\.gradle\buildOutputCleanup)" [_thread_blocked, id=17224, stack(0x0000002ef6200000,0x0000002ef6300000)]
  0x00000162eb80fca0 JavaThread "File watcher server" daemon [_thread_in_native, id=13068, stack(0x0000002ef6900000,0x0000002ef6a00000)]
  0x00000162eec0ed60 JavaThread "File watcher consumer" daemon [_thread_blocked, id=20532, stack(0x0000002ef6a00000,0x0000002ef6b00000)]
  0x00000162eec0f230 JavaThread "jar transforms" [_thread_blocked, id=21868, stack(0x0000002ef6b00000,0x0000002ef6c00000)]
  0x00000162eec10570 JavaThread "jar transforms Thread 2" [_thread_blocked, id=18328, stack(0x0000002ef6c00000,0x0000002ef6d00000)]
  0x00000162eec10f10 JavaThread "jar transforms Thread 3" [_thread_blocked, id=10916, stack(0x0000002ef6d00000,0x0000002ef6e00000)]
  0x00000162eec0d080 JavaThread "Cache worker for checksums cache (C:\Users\hp\Desktop\Mobile_movie_app\android\.gradle\8.10.2\checksums)" [_thread_blocked, id=22168, stack(0x0000002ef6f00000,0x0000002ef7000000)]
  0x00000162eec0e890 JavaThread "Cache worker for file content cache (C:\Users\hp\.gradle\caches\8.10.2\fileContent)" [_thread_blocked, id=6644, stack(0x0000002ef7000000,0x0000002ef7100000)]
  0x00000162eec0aed0 JavaThread "Cache worker for cache directory md-rule (C:\Users\hp\.gradle\caches\8.10.2\md-rule)" [_thread_blocked, id=2800, stack(0x0000002ef7100000,0x0000002ef7200000)]
  0x00000162eec0aa00 JavaThread "Cache worker for cache directory md-supplier (C:\Users\hp\.gradle\caches\8.10.2\md-supplier)" [_thread_blocked, id=18604, stack(0x0000002ef7200000,0x0000002ef7300000)]
  0x00000162eec10a40 JavaThread "jar transforms Thread 4" [_thread_blocked, id=12672, stack(0x0000002ef7300000,0x0000002ef7400000)]
  0x00000162eec0fbd0 JavaThread "jar transforms Thread 5" [_thread_blocked, id=6700, stack(0x0000002ef7400000,0x0000002ef7500000)]
  0x00000162eec0def0 JavaThread "jar transforms Thread 6" [_thread_blocked, id=1840, stack(0x0000002ef7500000,0x0000002ef7600000)]
  0x00000162eec100a0 JavaThread "jar transforms Thread 7" [_thread_blocked, id=14408, stack(0x0000002ef7600000,0x0000002ef7700000)]
  0x00000162eec113e0 JavaThread "jar transforms Thread 8" [_thread_blocked, id=14436, stack(0x0000002ef7700000,0x0000002ef7800000)]
  0x00000162eec0c210 JavaThread "jar transforms Thread 9" [_thread_blocked, id=12192, stack(0x0000002ef7800000,0x0000002ef7900000)]
  0x00000162eec118b0 JavaThread "jar transforms Thread 10" [_thread_blocked, id=4276, stack(0x0000002ef7900000,0x0000002ef7a00000)]
  0x00000162eec0b3a0 JavaThread "Cache worker for Build Output Cleanup Cache (C:\Users\hp\Desktop\Mobile_movie_app\node_modules\@react-native\gradle-plugin\.gradle\buildOutputCleanup)" [_thread_blocked, id=9696, stack(0x0000002ef7a00000,0x0000002ef7b00000)]
  0x00000162eec0d550 JavaThread "Unconstrained build operations" [_thread_blocked, id=15768, stack(0x0000002ef7b00000,0x0000002ef7c00000)]
  0x00000162eec0da20 JavaThread "Unconstrained build operations Thread 2" [_thread_blocked, id=3348, stack(0x0000002ef7c00000,0x0000002ef7d00000)]
  0x00000162eff34330 JavaThread "Unconstrained build operations Thread 3" [_thread_blocked, id=2852, stack(0x0000002ef7d00000,0x0000002ef7e00000)]
  0x00000162eff334c0 JavaThread "Unconstrained build operations Thread 4" [_thread_blocked, id=5548, stack(0x0000002ef7e00000,0x0000002ef7f00000)]
  0x00000162eff34cd0 JavaThread "Unconstrained build operations Thread 5" [_thread_blocked, id=18436, stack(0x0000002ef7f00000,0x0000002ef8000000)]
  0x00000162eff351a0 JavaThread "Unconstrained build operations Thread 6" [_thread_blocked, id=13576, stack(0x0000002ef8000000,0x0000002ef8100000)]
  0x00000162eff36010 JavaThread "Unconstrained build operations Thread 7" [_thread_blocked, id=3820, stack(0x0000002ef8100000,0x0000002ef8200000)]
  0x00000162eff364e0 JavaThread "Unconstrained build operations Thread 8" [_thread_blocked, id=6656, stack(0x0000002ef8200000,0x0000002ef8300000)]
  0x00000162eff32ff0 JavaThread "Unconstrained build operations Thread 9" [_thread_blocked, id=17268, stack(0x0000002ef8300000,0x0000002ef8400000)]
  0x00000162eff33e60 JavaThread "Unconstrained build operations Thread 10" [_thread_blocked, id=10124, stack(0x0000002ef8400000,0x0000002ef8500000)]
  0x00000162eff33990 JavaThread "Unconstrained build operations Thread 11" [_thread_blocked, id=4512, stack(0x0000002ef8500000,0x0000002ef8600000)]
  0x00000162eff34800 JavaThread "Unconstrained build operations Thread 12" [_thread_blocked, id=13736, stack(0x0000002ef8600000,0x0000002ef8700000)]
  0x00000162f1c04a30 JavaThread "Unconstrained build operations Thread 13" [_thread_blocked, id=17376, stack(0x0000002ef8700000,0x0000002ef8800000)]
  0x00000162f1bffd30 JavaThread "Unconstrained build operations Thread 14" [_thread_blocked, id=9048, stack(0x0000002ef8800000,0x0000002ef8900000)]
  0x00000162f1c04f00 JavaThread "Unconstrained build operations Thread 15" [_thread_blocked, id=5516, stack(0x0000002ef8900000,0x0000002ef8a00000)]
  0x00000162f1c00200 JavaThread "Unconstrained build operations Thread 16" [_thread_blocked, id=20332, stack(0x0000002ef8a00000,0x0000002ef8b00000)]
  0x00000162f1bfeec0 JavaThread "Unconstrained build operations Thread 17" [_thread_blocked, id=18112, stack(0x0000002ef8b00000,0x0000002ef8c00000)]
  0x00000162f1c03220 JavaThread "Unconstrained build operations Thread 18" [_thread_blocked, id=4956, stack(0x0000002ef8c00000,0x0000002ef8d00000)]
  0x00000162f1c036f0 JavaThread "Unconstrained build operations Thread 19" [_thread_blocked, id=6032, stack(0x0000002ef8d00000,0x0000002ef8e00000)]
  0x00000162f1bfe9f0 JavaThread "Unconstrained build operations Thread 20" [_thread_blocked, id=5056, stack(0x0000002ef8e00000,0x0000002ef8f00000)]
  0x00000162f1c053d0 JavaThread "Unconstrained build operations Thread 21" [_thread_blocked, id=11368, stack(0x0000002ef8f00000,0x0000002ef9000000)]
  0x00000162f1c006d0 JavaThread "Unconstrained build operations Thread 22" [_thread_blocked, id=3836, stack(0x0000002ef9000000,0x0000002ef9100000)]
  0x00000162f1c00ba0 JavaThread "Unconstrained build operations Thread 23" [_thread_blocked, id=12340, stack(0x0000002ef9100000,0x0000002ef9200000)]
  0x00000162f1c04560 JavaThread "Unconstrained build operations Thread 24" [_thread_blocked, id=22508, stack(0x0000002ef9200000,0x0000002ef9300000)]
  0x00000162f1bfe050 JavaThread "Unconstrained build operations Thread 25" [_thread_blocked, id=8504, stack(0x0000002ef9300000,0x0000002ef9400000)]
  0x00000162f1bfe520 JavaThread "Unconstrained build operations Thread 26" [_thread_blocked, id=14444, stack(0x0000002ef9400000,0x0000002ef9500000)]
  0x00000162f1c02880 JavaThread "Unconstrained build operations Thread 27" [_thread_blocked, id=11384, stack(0x0000002ef9500000,0x0000002ef9600000)]
  0x00000162f1c03bc0 JavaThread "Unconstrained build operations Thread 28" [_thread_blocked, id=18564, stack(0x0000002ef9600000,0x0000002ef9700000)]
  0x00000162f1c01070 JavaThread "Unconstrained build operations Thread 29" [_thread_blocked, id=2748, stack(0x0000002ef9700000,0x0000002ef9800000)]
  0x00000162f1c01540 JavaThread "Unconstrained build operations Thread 30" [_thread_blocked, id=5076, stack(0x0000002ef9800000,0x0000002ef9900000)]
  0x00000162f1c01a10 JavaThread "Unconstrained build operations Thread 31" [_thread_blocked, id=8080, stack(0x0000002ef9900000,0x0000002ef9a00000)]
  0x00000162f1c01ee0 JavaThread "Unconstrained build operations Thread 32" [_thread_blocked, id=11088, stack(0x0000002ef9a00000,0x0000002ef9b00000)]
  0x00000162f1c023b0 JavaThread "Unconstrained build operations Thread 33" [_thread_blocked, id=10100, stack(0x0000002ef9b00000,0x0000002ef9c00000)]
  0x00000162f1c04090 JavaThread "Unconstrained build operations Thread 34" [_thread_blocked, id=5604, stack(0x0000002ef9c00000,0x0000002ef9d00000)]
  0x00000162f1c02d50 JavaThread "Unconstrained build operations Thread 35" [_thread_blocked, id=4628, stack(0x0000002ef9d00000,0x0000002ef9e00000)]
  0x00000162f1c058a0 JavaThread "Unconstrained build operations Thread 36" [_thread_blocked, id=22264, stack(0x0000002ef9e00000,0x0000002ef9f00000)]
  0x00000162f1bff390 JavaThread "Unconstrained build operations Thread 37" [_thread_blocked, id=16988, stack(0x0000002ef9f00000,0x0000002efa000000)]
  0x00000162f1bff860 JavaThread "Unconstrained build operations Thread 38" [_thread_blocked, id=5528, stack(0x0000002efa000000,0x0000002efa100000)]
  0x00000162f1795bb0 JavaThread "Unconstrained build operations Thread 39" [_thread_blocked, id=16784, stack(0x0000002efa100000,0x0000002efa200000)]
  0x00000162f1797890 JavaThread "Memory manager" [_thread_blocked, id=1408, stack(0x0000002efa200000,0x0000002efa300000)]
  0x00000162f1797d60 JavaThread "build event listener" [_thread_blocked, id=9412, stack(0x0000002efa300000,0x0000002efa400000)]
  0x00000162f1796a20 JavaThread "Kotlin DSL Writer" [_thread_blocked, id=13216, stack(0x0000002efa400000,0x0000002efa500000)]

Other Threads:
=>0x00000162e9ea7a70 VMThread "VM Thread" [stack: 0x0000002ef4100000,0x0000002ef4200000] [id=20388]
  0x00000162cb5e95a0 WatcherThread [stack: 0x0000002ef4d00000,0x0000002ef4e00000] [id=2960]
  0x00000162cb645c80 GCTaskThread "GC Thread#0" [stack: 0x0000002ef3c00000,0x0000002ef3d00000] [id=6172]
  0x00000162eb1ea510 GCTaskThread "GC Thread#1" [stack: 0x0000002ef5000000,0x0000002ef5100000] [id=16448]
  0x00000162eaba3700 GCTaskThread "GC Thread#2" [stack: 0x0000002ef5100000,0x0000002ef5200000] [id=17172]
  0x00000162eabdf6c0 GCTaskThread "GC Thread#3" [stack: 0x0000002ef5200000,0x0000002ef5300000] [id=19372]
  0x00000162eaedfb10 GCTaskThread "GC Thread#4" [stack: 0x0000002ef5300000,0x0000002ef5400000] [id=4228]
  0x00000162ec5cb190 GCTaskThread "GC Thread#5" [stack: 0x0000002ef5400000,0x0000002ef5500000] [id=13724]
  0x00000162ecf37ba0 GCTaskThread "GC Thread#6" [stack: 0x0000002ef6300000,0x0000002ef6400000] [id=17508]
  0x00000162eacfc750 GCTaskThread "GC Thread#7" [stack: 0x0000002ef6400000,0x0000002ef6500000] [id=19540]
  0x00000162ecf33160 GCTaskThread "GC Thread#8" [stack: 0x0000002ef6500000,0x0000002ef6600000] [id=9908]
  0x00000162ecdf7020 GCTaskThread "GC Thread#9" [stack: 0x0000002ef6600000,0x0000002ef6700000] [id=11544]
  0x00000162c957e9d0 ConcurrentGCThread "G1 Main Marker" [stack: 0x0000002ef3d00000,0x0000002ef3e00000] [id=5116]
  0x00000162cb6526e0 ConcurrentGCThread "G1 Conc#0" [stack: 0x0000002ef3e00000,0x0000002ef3f00000] [id=19804]
  0x00000162eead1bc0 ConcurrentGCThread "G1 Conc#1" [stack: 0x0000002ef6700000,0x0000002ef6800000] [id=12200]
  0x00000162eead1660 ConcurrentGCThread "G1 Conc#2" [stack: 0x0000002ef6800000,0x0000002ef6900000] [id=20120]
  0x00000162e9d55bd0 ConcurrentGCThread "G1 Refine#0" [stack: 0x0000002ef3f00000,0x0000002ef4000000] [id=12060]
  0x00000162e9d57600 ConcurrentGCThread "G1 Service" [stack: 0x0000002ef4000000,0x0000002ef4100000] [id=8668]

Threads with active compile tasks:

VM state: at safepoint (normal execution)

VM Mutex/Monitor currently owned by a thread:  ([mutex/lock_event])
[0x00000162cb5e4ca0] Threads_lock - owner thread: 0x00000162e9ea7a70
[0x00000162cb5e3860] Heap_lock - owner thread: 0x00000162ec3c9890

Heap address: 0x0000000080000000, size: 2048 MB, Compressed Oops mode: 32-bit

CDS archive(s) mapped at: [0x0000000800000000-0x0000000800bc0000-0x0000000800bc0000), size 12320768, SharedBaseAddress: 0x0000000800000000, ArchiveRelocationMode: 0.
Compressed class space mapped at: 0x0000000800c00000-0x000000081a800000, reserved size: 432013312
Narrow klass base: 0x0000000800000000, Narrow klass shift: 0, Narrow klass range: 0x100000000

GC Precious Log:
 CPUs: 12 total, 12 available
 Memory: 15713M
 Large Page Support: Disabled
 NUMA Support: Disabled
 Compressed Oops: Enabled (32-bit)
 Heap Region Size: 1M
 Heap Min Capacity: 8M
 Heap Initial Capacity: 246M
 Heap Max Capacity: 2G
 Pre-touch: Disabled
 Parallel Workers: 10
 Concurrent Workers: 3
 Concurrent Refinement Workers: 10
 Periodic GC: Disabled

Heap:
 garbage-first heap   total 145408K, used 81883K [0x0000000080000000, 0x0000000100000000)
  region size 1024K, 2 young (2048K), 2 survivors (2048K)
 Metaspace       used 85434K, committed 86272K, reserved 503808K
  class space    used 12141K, committed 12544K, reserved 421888K

Heap Regions: E=young(eden), S=young(survivor), O=old, HS=humongous(starts), HC=humongous(continues), CS=collection set, F=free, OA=open archive, CA=closed archive, TAMS=top-at-mark-start (previous, next)
|   0|0x0000000080000000, 0x0000000080100000, 0x0000000080100000|100%| O|  |TAMS 0x0000000080100000, 0x0000000080100000| Untracked 
|   1|0x0000000080100000, 0x0000000080200000, 0x0000000080200000|100%| O|  |TAMS 0x0000000080200000, 0x0000000080200000| Untracked 
|   2|0x0000000080200000, 0x0000000080300000, 0x0000000080300000|100%|HS|  |TAMS 0x0000000080300000, 0x0000000080300000| Complete 
|   3|0x0000000080300000, 0x0000000080400000, 0x0000000080400000|100%|HC|  |TAMS 0x0000000080400000, 0x0000000080400000| Complete 
|   4|0x0000000080400000, 0x0000000080500000, 0x0000000080500000|100%|HC|  |TAMS 0x0000000080500000, 0x0000000080500000| Complete 
|   5|0x0000000080500000, 0x0000000080600000, 0x0000000080600000|100%|HC|  |TAMS 0x0000000080600000, 0x0000000080600000| Complete 
|   6|0x0000000080600000, 0x0000000080700000, 0x0000000080700000|100%| O|  |TAMS 0x0000000080700000, 0x0000000080700000| Untracked 
|   7|0x0000000080700000, 0x0000000080800000, 0x0000000080800000|100%| O|  |TAMS 0x0000000080800000, 0x0000000080800000| Untracked 
|   8|0x0000000080800000, 0x0000000080900000, 0x0000000080900000|100%| O|  |TAMS 0x0000000080900000, 0x0000000080900000| Untracked 
|   9|0x0000000080900000, 0x0000000080a00000, 0x0000000080a00000|100%|HS|  |TAMS 0x0000000080a00000, 0x0000000080a00000| Complete 
|  10|0x0000000080a00000, 0x0000000080b00000, 0x0000000080b00000|100%| O|  |TAMS 0x0000000080b00000, 0x0000000080b00000| Untracked 
|  11|0x0000000080b00000, 0x0000000080c00000, 0x0000000080c00000|100%| O|  |TAMS 0x0000000080c00000, 0x0000000080c00000| Untracked 
|  12|0x0000000080c00000, 0x0000000080d00000, 0x0000000080d00000|100%| O|  |TAMS 0x0000000080c00000, 0x0000000080d00000| Untracked 
|  13|0x0000000080d00000, 0x0000000080e00000, 0x0000000080e00000|100%| O|  |TAMS 0x0000000080e00000, 0x0000000080e00000| Untracked 
|  14|0x0000000080e00000, 0x0000000080f00000, 0x0000000080f00000|100%| O|  |TAMS 0x0000000080f00000, 0x0000000080f00000| Untracked 
|  15|0x0000000080f00000, 0x0000000081000000, 0x0000000081000000|100%| O|  |TAMS 0x0000000081000000, 0x0000000081000000| Untracked 
|  16|0x0000000081000000, 0x0000000081100000, 0x0000000081100000|100%| O|  |TAMS 0x0000000081100000, 0x0000000081100000| Untracked 
|  17|0x0000000081100000, 0x0000000081200000, 0x0000000081200000|100%| O|  |TAMS 0x0000000081200000, 0x0000000081200000| Untracked 
|  18|0x0000000081200000, 0x0000000081300000, 0x0000000081300000|100%| O|  |TAMS 0x0000000081300000, 0x0000000081300000| Untracked 
|  19|0x0000000081300000, 0x0000000081400000, 0x0000000081400000|100%| O|  |TAMS 0x0000000081400000, 0x0000000081400000| Untracked 
|  20|0x0000000081400000, 0x0000000081500000, 0x0000000081500000|100%| O|  |TAMS 0x0000000081500000, 0x0000000081500000| Untracked 
|  21|0x0000000081500000, 0x0000000081600000, 0x0000000081600000|100%| O|  |TAMS 0x0000000081600000, 0x0000000081600000| Untracked 
|  22|0x0000000081600000, 0x0000000081700000, 0x0000000081700000|100%| O|  |TAMS 0x0000000081700000, 0x0000000081700000| Untracked 
|  23|0x0000000081700000, 0x0000000081800000, 0x0000000081800000|100%| O|  |TAMS 0x0000000081800000, 0x0000000081800000| Untracked 
|  24|0x0000000081800000, 0x0000000081900000, 0x0000000081900000|100%| O|  |TAMS 0x0000000081900000, 0x0000000081900000| Untracked 
|  25|0x0000000081900000, 0x0000000081a00000, 0x0000000081a00000|100%| O|  |TAMS 0x0000000081a00000, 0x0000000081a00000| Untracked 
|  26|0x0000000081a00000, 0x0000000081b00000, 0x0000000081b00000|100%| O|  |TAMS 0x0000000081b00000, 0x0000000081b00000| Untracked 
|  27|0x0000000081b00000, 0x0000000081c00000, 0x0000000081c00000|100%| O|  |TAMS 0x0000000081c00000, 0x0000000081c00000| Untracked 
|  28|0x0000000081c00000, 0x0000000081c9f400, 0x0000000081d00000| 62%| O|  |TAMS 0x0000000081c00000, 0x0000000081c9f400| Untracked 
|  29|0x0000000081d00000, 0x0000000081e00000, 0x0000000081e00000|100%| O|  |TAMS 0x0000000081e00000, 0x0000000081e00000| Untracked 
|  30|0x0000000081e00000, 0x0000000081f00000, 0x0000000081f00000|100%| O|  |TAMS 0x0000000081f00000, 0x0000000081f00000| Untracked 
|  31|0x0000000081f00000, 0x0000000082000000, 0x0000000082000000|100%| O|  |TAMS 0x0000000082000000, 0x0000000082000000| Untracked 
|  32|0x0000000082000000, 0x0000000082100000, 0x0000000082100000|100%| O|  |TAMS 0x0000000082100000, 0x0000000082100000| Untracked 
|  33|0x0000000082100000, 0x0000000082200000, 0x0000000082200000|100%| O|  |TAMS 0x0000000082200000, 0x0000000082200000| Untracked 
|  34|0x0000000082200000, 0x0000000082300000, 0x0000000082300000|100%| O|  |TAMS 0x0000000082300000, 0x0000000082300000| Untracked 
|  35|0x0000000082300000, 0x0000000082300000, 0x0000000082400000|  0%| F|  |TAMS 0x0000000082300000, 0x0000000082300000| Untracked 
|  36|0x0000000082400000, 0x0000000082500000, 0x0000000082500000|100%| O|  |TAMS 0x0000000082500000, 0x0000000082500000| Untracked 
|  37|0x0000000082500000, 0x0000000082600000, 0x0000000082600000|100%| O|  |TAMS 0x0000000082600000, 0x0000000082600000| Untracked 
|  38|0x0000000082600000, 0x0000000082700000, 0x0000000082700000|100%| O|  |TAMS 0x0000000082700000, 0x0000000082700000| Untracked 
|  39|0x0000000082700000, 0x0000000082800000, 0x0000000082800000|100%| O|  |TAMS 0x0000000082800000, 0x0000000082800000| Untracked 
|  40|0x0000000082800000, 0x0000000082900000, 0x0000000082900000|100%| O|  |TAMS 0x0000000082900000, 0x0000000082900000| Untracked 
|  41|0x0000000082900000, 0x0000000082a00000, 0x0000000082a00000|100%| O|  |TAMS 0x0000000082a00000, 0x0000000082a00000| Untracked 
|  42|0x0000000082a00000, 0x0000000082b00000, 0x0000000082b00000|100%| O|  |TAMS 0x0000000082b00000, 0x0000000082b00000| Untracked 
|  43|0x0000000082b00000, 0x0000000082c00000, 0x0000000082c00000|100%| O|  |TAMS 0x0000000082c00000, 0x0000000082c00000| Untracked 
|  44|0x0000000082c00000, 0x0000000082d00000, 0x0000000082d00000|100%| O|  |TAMS 0x0000000082d00000, 0x0000000082d00000| Untracked 
|  45|0x0000000082d00000, 0x0000000082e00000, 0x0000000082e00000|100%| O|  |TAMS 0x0000000082e00000, 0x0000000082e00000| Untracked 
|  46|0x0000000082e00000, 0x0000000082f00000, 0x0000000082f00000|100%| O|  |TAMS 0x0000000082f00000, 0x0000000082f00000| Untracked 
|  47|0x0000000082f00000, 0x0000000083000000, 0x0000000083000000|100%| O|  |TAMS 0x0000000083000000, 0x0000000083000000| Untracked 
|  48|0x0000000083000000, 0x0000000083100000, 0x0000000083100000|100%| O|  |TAMS 0x0000000083100000, 0x0000000083100000| Untracked 
|  49|0x0000000083100000, 0x0000000083200000, 0x0000000083200000|100%| O|  |TAMS 0x0000000083200000, 0x0000000083200000| Untracked 
|  50|0x0000000083200000, 0x0000000083300000, 0x0000000083300000|100%| O|  |TAMS 0x0000000083300000, 0x0000000083300000| Untracked 
|  51|0x0000000083300000, 0x0000000083400000, 0x0000000083400000|100%| O|  |TAMS 0x0000000083400000, 0x0000000083400000| Untracked 
|  52|0x0000000083400000, 0x0000000083500000, 0x0000000083500000|100%| O|  |TAMS 0x0000000083500000, 0x0000000083500000| Untracked 
|  53|0x0000000083500000, 0x0000000083600000, 0x0000000083600000|100%| O|  |TAMS 0x0000000083600000, 0x0000000083600000| Untracked 
|  54|0x0000000083600000, 0x0000000083700000, 0x0000000083700000|100%| O|  |TAMS 0x0000000083700000, 0x0000000083700000| Untracked 
|  55|0x0000000083700000, 0x0000000083800000, 0x0000000083800000|100%| O|  |TAMS 0x0000000083800000, 0x0000000083800000| Untracked 
|  56|0x0000000083800000, 0x0000000083900000, 0x0000000083900000|100%| O|  |TAMS 0x0000000083900000, 0x0000000083900000| Untracked 
|  57|0x0000000083900000, 0x0000000083a00000, 0x0000000083a00000|100%| O|  |TAMS 0x0000000083a00000, 0x0000000083a00000| Untracked 
|  58|0x0000000083a00000, 0x0000000083b00000, 0x0000000083b00000|100%| O|  |TAMS 0x0000000083b00000, 0x0000000083b00000| Untracked 
|  59|0x0000000083b00000, 0x0000000083c00000, 0x0000000083c00000|100%|HS|  |TAMS 0x0000000083c00000, 0x0000000083c00000| Complete 
|  60|0x0000000083c00000, 0x0000000083d00000, 0x0000000083d00000|100%|HC|  |TAMS 0x0000000083d00000, 0x0000000083d00000| Complete 
|  61|0x0000000083d00000, 0x0000000083e00000, 0x0000000083e00000|100%|HS|  |TAMS 0x0000000083e00000, 0x0000000083e00000| Complete 
|  62|0x0000000083e00000, 0x0000000083f00000, 0x0000000083f00000|100%|HC|  |TAMS 0x0000000083f00000, 0x0000000083f00000| Complete 
|  63|0x0000000083f00000, 0x0000000084000000, 0x0000000084000000|100%|HS|  |TAMS 0x0000000084000000, 0x0000000084000000| Complete 
|  64|0x0000000084000000, 0x0000000084100000, 0x0000000084100000|100%|HC|  |TAMS 0x0000000084100000, 0x0000000084100000| Complete 
|  65|0x0000000084100000, 0x0000000084200000, 0x0000000084200000|100%|HC|  |TAMS 0x0000000084200000, 0x0000000084200000| Complete 
|  66|0x0000000084200000, 0x0000000084300000, 0x0000000084300000|100%|HC|  |TAMS 0x0000000084300000, 0x0000000084300000| Complete 
|  67|0x0000000084300000, 0x0000000084400000, 0x0000000084400000|100%|HS|  |TAMS 0x0000000084400000, 0x0000000084400000| Complete 
|  68|0x0000000084400000, 0x0000000084500000, 0x0000000084500000|100%|HC|  |TAMS 0x0000000084500000, 0x0000000084500000| Complete 
|  69|0x0000000084500000, 0x0000000084600000, 0x0000000084600000|100%|HC|  |TAMS 0x0000000084600000, 0x0000000084600000| Complete 
|  70|0x0000000084600000, 0x0000000084700000, 0x0000000084700000|100%|HC|  |TAMS 0x0000000084700000, 0x0000000084700000| Complete 
|  71|0x0000000084700000, 0x0000000084800000, 0x0000000084800000|100%| O|  |TAMS 0x0000000084800000, 0x0000000084800000| Untracked 
|  72|0x0000000084800000, 0x0000000084900000, 0x0000000084900000|100%| O|  |TAMS 0x0000000084900000, 0x0000000084900000| Untracked 
|  73|0x0000000084900000, 0x0000000084a00000, 0x0000000084a00000|100%| O|  |TAMS 0x0000000084a00000, 0x0000000084a00000| Untracked 
|  74|0x0000000084a00000, 0x0000000084b00000, 0x0000000084b00000|100%| O|  |TAMS 0x0000000084b00000, 0x0000000084b00000| Untracked 
|  75|0x0000000084b00000, 0x0000000084c00000, 0x0000000084c00000|100%| O|  |TAMS 0x0000000084c00000, 0x0000000084c00000| Untracked 
|  76|0x0000000084c00000, 0x0000000084d00000, 0x0000000084d00000|100%| O|  |TAMS 0x0000000084d00000, 0x0000000084d00000| Untracked 
|  77|0x0000000084d00000, 0x0000000084d00000, 0x0000000084e00000|  0%| F|  |TAMS 0x0000000084d00000, 0x0000000084d00000| Untracked 
|  78|0x0000000084e00000, 0x0000000084e00000, 0x0000000084f00000|  0%| F|  |TAMS 0x0000000084e00000, 0x0000000084e00000| Untracked 
|  79|0x0000000084f00000, 0x0000000084f00000, 0x0000000085000000|  0%| F|  |TAMS 0x0000000084f00000, 0x0000000084f00000| Untracked 
|  80|0x0000000085000000, 0x0000000085000000, 0x0000000085100000|  0%| F|  |TAMS 0x0000000085000000, 0x0000000085000000| Untracked 
|  81|0x0000000085100000, 0x0000000085100000, 0x0000000085200000|  0%| F|  |TAMS 0x0000000085100000, 0x0000000085100000| Untracked 
|  82|0x0000000085200000, 0x0000000085200000, 0x0000000085300000|  0%| F|  |TAMS 0x0000000085200000, 0x0000000085200000| Untracked 
|  83|0x0000000085300000, 0x0000000085400000, 0x0000000085400000|100%| O|  |TAMS 0x0000000085400000, 0x0000000085400000| Untracked 
|  84|0x0000000085400000, 0x0000000085500000, 0x0000000085500000|100%| O|  |TAMS 0x0000000085500000, 0x0000000085500000| Untracked 
|  85|0x0000000085500000, 0x0000000085600000, 0x0000000085600000|100%| O|  |TAMS 0x00000000855c8000, 0x0000000085600000| Untracked 
|  86|0x0000000085600000, 0x0000000085600000, 0x0000000085700000|  0%| F|  |TAMS 0x0000000085600000, 0x0000000085600000| Untracked 
|  87|0x0000000085700000, 0x0000000085700000, 0x0000000085800000|  0%| F|  |TAMS 0x0000000085700000, 0x0000000085700000| Untracked 
|  88|0x0000000085800000, 0x0000000085800000, 0x0000000085900000|  0%| F|  |TAMS 0x0000000085800000, 0x0000000085800000| Untracked 
|  89|0x0000000085900000, 0x0000000085900000, 0x0000000085a00000|  0%| F|  |TAMS 0x0000000085900000, 0x0000000085900000| Untracked 
|  90|0x0000000085a00000, 0x0000000085a00000, 0x0000000085b00000|  0%| F|  |TAMS 0x0000000085a00000, 0x0000000085a00000| Untracked 
|  91|0x0000000085b00000, 0x0000000085b00000, 0x0000000085c00000|  0%| F|  |TAMS 0x0000000085b00000, 0x0000000085b00000| Untracked 
|  92|0x0000000085c00000, 0x0000000085c00000, 0x0000000085d00000|  0%| F|  |TAMS 0x0000000085c00000, 0x0000000085c00000| Untracked 
|  93|0x0000000085d00000, 0x0000000085d00000, 0x0000000085e00000|  0%| F|  |TAMS 0x0000000085d00000, 0x0000000085d00000| Untracked 
|  94|0x0000000085e00000, 0x0000000085e00000, 0x0000000085f00000|  0%| F|  |TAMS 0x0000000085e00000, 0x0000000085e00000| Untracked 
|  95|0x0000000085f00000, 0x0000000085f00000, 0x0000000086000000|  0%| F|  |TAMS 0x0000000085f00000, 0x0000000085f00000| Untracked 
|  96|0x0000000086000000, 0x0000000086000000, 0x0000000086100000|  0%| F|  |TAMS 0x0000000086000000, 0x0000000086000000| Untracked 
|  97|0x0000000086100000, 0x0000000086100000, 0x0000000086200000|  0%| F|  |TAMS 0x0000000086100000, 0x0000000086100000| Untracked 
|  98|0x0000000086200000, 0x0000000086200000, 0x0000000086300000|  0%| F|  |TAMS 0x0000000086200000, 0x0000000086200000| Untracked 
|  99|0x0000000086300000, 0x0000000086300000, 0x0000000086400000|  0%| F|  |TAMS 0x0000000086300000, 0x0000000086300000| Untracked 
| 100|0x0000000086400000, 0x0000000086400000, 0x0000000086500000|  0%| F|  |TAMS 0x0000000086400000, 0x0000000086400000| Untracked 
| 101|0x0000000086500000, 0x0000000086500000, 0x0000000086600000|  0%| F|  |TAMS 0x0000000086500000, 0x0000000086500000| Untracked 
| 102|0x0000000086600000, 0x0000000086657988, 0x0000000086700000| 34%| S|CS|TAMS 0x0000000086600000, 0x0000000086600000| Complete 
| 103|0x0000000086700000, 0x0000000086800000, 0x0000000086800000|100%| S|CS|TAMS 0x0000000086700000, 0x0000000086700000| Complete 
| 104|0x0000000086800000, 0x0000000086800000, 0x0000000086900000|  0%| F|  |TAMS 0x0000000086800000, 0x0000000086800000| Untracked 
| 105|0x0000000086900000, 0x0000000086900000, 0x0000000086a00000|  0%| F|  |TAMS 0x0000000086900000, 0x0000000086900000| Untracked 
| 106|0x0000000086a00000, 0x0000000086a00000, 0x0000000086b00000|  0%| F|  |TAMS 0x0000000086a00000, 0x0000000086a00000| Untracked 
| 107|0x0000000086b00000, 0x0000000086b00000, 0x0000000086c00000|  0%| F|  |TAMS 0x0000000086b00000, 0x0000000086b00000| Untracked 
| 108|0x0000000086c00000, 0x0000000086c00000, 0x0000000086d00000|  0%| F|  |TAMS 0x0000000086c00000, 0x0000000086c00000| Untracked 
| 109|0x0000000086d00000, 0x0000000086d00000, 0x0000000086e00000|  0%| F|  |TAMS 0x0000000086d00000, 0x0000000086d00000| Untracked 
| 110|0x0000000086e00000, 0x0000000086e00000, 0x0000000086f00000|  0%| F|  |TAMS 0x0000000086e00000, 0x0000000086e00000| Untracked 
| 111|0x0000000086f00000, 0x0000000086f00000, 0x0000000087000000|  0%| F|  |TAMS 0x0000000086f00000, 0x0000000086f00000| Untracked 
| 112|0x0000000087000000, 0x0000000087000000, 0x0000000087100000|  0%| F|  |TAMS 0x0000000087000000, 0x0000000087000000| Untracked 
| 113|0x0000000087100000, 0x0000000087100000, 0x0000000087200000|  0%| F|  |TAMS 0x0000000087100000, 0x0000000087100000| Untracked 
| 114|0x0000000087200000, 0x0000000087200000, 0x0000000087300000|  0%| F|  |TAMS 0x0000000087200000, 0x0000000087200000| Untracked 
| 115|0x0000000087300000, 0x0000000087300000, 0x0000000087400000|  0%| F|  |TAMS 0x0000000087300000, 0x0000000087300000| Untracked 
| 116|0x0000000087400000, 0x0000000087400000, 0x0000000087500000|  0%| F|  |TAMS 0x0000000087400000, 0x0000000087400000| Untracked 
| 117|0x0000000087500000, 0x0000000087500000, 0x0000000087600000|  0%| F|  |TAMS 0x0000000087500000, 0x0000000087500000| Untracked 
| 118|0x0000000087600000, 0x0000000087600000, 0x0000000087700000|  0%| F|  |TAMS 0x0000000087600000, 0x0000000087600000| Untracked 
| 119|0x0000000087700000, 0x0000000087700000, 0x0000000087800000|  0%| F|  |TAMS 0x0000000087700000, 0x0000000087700000| Untracked 
| 120|0x0000000087800000, 0x0000000087800000, 0x0000000087900000|  0%| F|  |TAMS 0x0000000087800000, 0x0000000087800000| Untracked 
| 121|0x0000000087900000, 0x0000000087900000, 0x0000000087a00000|  0%| F|  |TAMS 0x0000000087900000, 0x0000000087900000| Untracked 
| 122|0x0000000087a00000, 0x0000000087a00000, 0x0000000087b00000|  0%| F|  |TAMS 0x0000000087a00000, 0x0000000087a00000| Untracked 
| 123|0x0000000087b00000, 0x0000000087b00000, 0x0000000087c00000|  0%| F|  |TAMS 0x0000000087b00000, 0x0000000087b00000| Untracked 
| 124|0x0000000087c00000, 0x0000000087c00000, 0x0000000087d00000|  0%| F|  |TAMS 0x0000000087c00000, 0x0000000087c00000| Untracked 
| 125|0x0000000087d00000, 0x0000000087d00000, 0x0000000087e00000|  0%| F|  |TAMS 0x0000000087d00000, 0x0000000087d00000| Untracked 
| 126|0x0000000087e00000, 0x0000000087e00000, 0x0000000087f00000|  0%| F|  |TAMS 0x0000000087e00000, 0x0000000087e00000| Untracked 
| 127|0x0000000087f00000, 0x0000000087f00000, 0x0000000088000000|  0%| F|  |TAMS 0x0000000087f00000, 0x0000000087f00000| Untracked 
| 128|0x0000000088000000, 0x0000000088000000, 0x0000000088100000|  0%| F|  |TAMS 0x0000000088000000, 0x0000000088000000| Untracked 
| 129|0x0000000088100000, 0x0000000088100000, 0x0000000088200000|  0%| F|  |TAMS 0x0000000088100000, 0x0000000088100000| Untracked 
| 130|0x0000000088200000, 0x0000000088200000, 0x0000000088300000|  0%| F|  |TAMS 0x0000000088200000, 0x0000000088200000| Untracked 
| 131|0x0000000088300000, 0x0000000088300000, 0x0000000088400000|  0%| F|  |TAMS 0x0000000088300000, 0x0000000088300000| Untracked 
| 132|0x0000000088400000, 0x0000000088400000, 0x0000000088500000|  0%| F|  |TAMS 0x0000000088400000, 0x0000000088400000| Untracked 
| 133|0x0000000088500000, 0x0000000088500000, 0x0000000088600000|  0%| F|  |TAMS 0x0000000088500000, 0x0000000088500000| Untracked 
| 134|0x0000000088600000, 0x0000000088600000, 0x0000000088700000|  0%| F|  |TAMS 0x0000000088600000, 0x0000000088600000| Untracked 
| 135|0x0000000088700000, 0x0000000088700000, 0x0000000088800000|  0%| F|  |TAMS 0x0000000088700000, 0x0000000088700000| Untracked 
| 136|0x0000000088800000, 0x0000000088800000, 0x0000000088900000|  0%| F|  |TAMS 0x0000000088800000, 0x0000000088800000| Untracked 
| 137|0x0000000088900000, 0x0000000088900000, 0x0000000088a00000|  0%| F|  |TAMS 0x0000000088900000, 0x0000000088900000| Untracked 
| 138|0x0000000088a00000, 0x0000000088a00000, 0x0000000088b00000|  0%| F|  |TAMS 0x0000000088a00000, 0x0000000088a00000| Untracked 
| 139|0x0000000088b00000, 0x0000000088b00000, 0x0000000088c00000|  0%| F|  |TAMS 0x0000000088b00000, 0x0000000088b00000| Untracked 
| 140|0x0000000088c00000, 0x0000000088c00000, 0x0000000088d00000|  0%| F|  |TAMS 0x0000000088c00000, 0x0000000088c00000| Untracked 
| 245|0x000000008f500000, 0x000000008f500000, 0x000000008f600000|  0%| F|  |TAMS 0x000000008f500000, 0x000000008f500000| Untracked 

Card table byte_map: [0x00000162e2a10000,0x00000162e2e10000] _byte_map_base: 0x00000162e2610000

Marking Bits (Prev, Next): (CMBitMap*) 0x00000162c957a340, (CMBitMap*) 0x00000162c957a300
 Prev Bits: [0x00000162e5210000, 0x00000162e7210000)
 Next Bits: [0x00000162e3210000, 0x00000162e5210000)

Polling page: 0x00000162cada0000

Metaspace:

Usage:
  Non-class:     71.58 MB used.
      Class:     11.86 MB used.
       Both:     83.43 MB used.

Virtual space:
  Non-class space:       80.00 MB reserved,      72.00 MB ( 90%) committed,  10 nodes.
      Class space:      412.00 MB reserved,      12.25 MB (  3%) committed,  1 nodes.
             Both:      492.00 MB reserved,      84.25 MB ( 17%) committed. 

Chunk freelists:
   Non-Class:  3.28 MB
       Class:  3.61 MB
        Both:  6.89 MB

MaxMetaspaceSize: 512.00 MB
CompressedClassSpaceSize: 412.00 MB
Initial GC threshold: 21.00 MB
Current GC threshold: 129.94 MB
CDS: on
MetaspaceReclaimPolicy: balanced
 - commit_granule_bytes: 65536.
 - commit_granule_words: 8192.
 - virtual_space_node_default_size: 1048576.
 - enlarge_chunks_in_place: 1.
 - new_chunks_are_fully_committed: 0.
 - uncommit_free_chunks: 1.
 - use_allocation_guard: 0.
 - handle_deallocations: 1.


Internal statistics:

num_allocs_failed_limit: 6.
num_arena_births: 1070.
num_arena_deaths: 8.
num_vsnodes_births: 11.
num_vsnodes_deaths: 0.
num_space_committed: 1348.
num_space_uncommitted: 0.
num_chunks_returned_to_freelist: 24.
num_chunks_taken_from_freelist: 4530.
num_chunk_merges: 8.
num_chunk_splits: 3070.
num_chunks_enlarged: 2150.
num_purges: 4.
num_inconsistent_stats: 0.

CodeHeap 'non-profiled nmethods': size=120000Kb used=5592Kb max_used=5592Kb free=114407Kb
 bounds [0x00000162dab90000, 0x00000162db110000, 0x00000162e20c0000]
CodeHeap 'profiled nmethods': size=120000Kb used=17298Kb max_used=17298Kb free=102701Kb
 bounds [0x00000162d30c0000, 0x00000162d41b0000, 0x00000162da5f0000]
CodeHeap 'non-nmethods': size=5760Kb used=2404Kb max_used=2428Kb free=3355Kb
 bounds [0x00000162da5f0000, 0x00000162da860000, 0x00000162dab90000]
 total_blobs=9837 nmethods=8896 adapters=852
 compilation: enabled
              stopped_count=0, restarted_count=0
 full_count=0

Compilation events (20 events):
Event: 14.858 Thread 0x00000162ea81eec0 nmethod 10320 0x00000162db101710 code [0x00000162db1018a0, 0x00000162db101978]
Event: 14.858 Thread 0x00000162ea81eec0 10324       3       java.lang.reflect.Modifier::isVolatile (13 bytes)
Event: 14.858 Thread 0x00000162ea81eec0 nmethod 10324 0x00000162d419fe10 code [0x00000162d419ffa0, 0x00000162d41a00f8]
Event: 14.858 Thread 0x00000162ea81eec0 10325       3       java.lang.reflect.Field::setFieldAccessor (34 bytes)
Event: 14.858 Thread 0x00000162ea81eec0 nmethod 10325 0x00000162d41a0190 code [0x00000162d41a0360, 0x00000162d41a0788]
Event: 14.859 Thread 0x00000162ea81eec0 10326       3       java.lang.reflect.Field::get (29 bytes)
Event: 14.859 Thread 0x00000162ea81eec0 nmethod 10326 0x00000162d41a0890 code [0x00000162d41a0a60, 0x00000162d41a0e18]
Event: 14.859 Thread 0x00000162ea81dd30 nmethod 10321 0x00000162db101a10 code [0x00000162db101ba0, 0x00000162db101d18]
Event: 14.859 Thread 0x00000162ea81eec0 10327       3       org.jetbrains.kotlin.com.intellij.util.ReflectionUtil::findFieldInHierarchy (99 bytes)
Event: 14.859 Thread 0x00000162ea81dd30 10322       4       java.lang.reflect.Field::<init> (50 bytes)
Event: 14.860 Thread 0x00000162ea81eec0 nmethod 10327 0x00000162d41a0f90 code [0x00000162d41a1240, 0x00000162d41a1e28]
Event: 14.860 Thread 0x00000162ea81eec0 10328       1       java.lang.reflect.Field::isTrustedFinal (5 bytes)
Event: 14.860 Thread 0x00000162ea81eec0 nmethod 10328 0x00000162db101e10 code [0x00000162db101fa0, 0x00000162db102078]
Event: 14.862 Thread 0x00000162ea81dd30 nmethod 10322 0x00000162db102110 code [0x00000162db102280, 0x00000162db1027b8]
Event: 14.877 Thread 0x00000162ea81dd30 10341       4       java.lang.invoke.MethodType::parameterSlotCount (8 bytes)
Event: 14.878 Thread 0x00000162ea81dd30 nmethod 10341 0x00000162db105210 code [0x00000162db105380, 0x00000162db105418]
Event: 14.929 Thread 0x00000162ea81eec0 10347       3       java.lang.reflect.ProxyGenerator::addProxyMethod (190 bytes)
Event: 14.930 Thread 0x00000162ea81eec0 nmethod 10347 0x00000162d41a2390 code [0x00000162d41a2720, 0x00000162d41a4048]
Event: 14.968 Thread 0x00000162ea81eec0 10348       1       org.jetbrains.kotlin.com.fasterxml.aalto.in.PName::getLocalName (5 bytes)
Event: 14.968 Thread 0x00000162ea81eec0 nmethod 10348 0x00000162db105e10 code [0x00000162db105fa0, 0x00000162db106078]

GC Heap History (20 events):
Event: 10.908 GC heap after
{Heap after GC invocations=27 (full 0):
 garbage-first heap   total 116736K, used 61292K [0x0000000080000000, 0x0000000100000000)
  region size 1024K, 3 young (3072K), 3 survivors (3072K)
 Metaspace       used 65343K, committed 66112K, reserved 479232K
  class space    used 9247K, committed 9600K, reserved 421888K
}
Event: 11.152 GC heap before
{Heap before GC invocations=28 (full 0):
 garbage-first heap   total 117760K, used 82796K [0x0000000080000000, 0x0000000100000000)
  region size 1024K, 21 young (21504K), 3 survivors (3072K)
 Metaspace       used 67269K, committed 68096K, reserved 487424K
  class space    used 9513K, committed 9920K, reserved 421888K
}
Event: 11.155 GC heap after
{Heap after GC invocations=29 (full 0):
 garbage-first heap   total 117760K, used 66618K [0x0000000080000000, 0x0000000100000000)
  region size 1024K, 4 young (4096K), 4 survivors (4096K)
 Metaspace       used 67269K, committed 68096K, reserved 487424K
  class space    used 9513K, committed 9920K, reserved 421888K
}
Event: 11.457 GC heap before
{Heap before GC invocations=30 (full 0):
 garbage-first heap   total 135168K, used 102458K [0x0000000080000000, 0x0000000100000000)
  region size 1024K, 32 young (32768K), 4 survivors (4096K)
 Metaspace       used 69383K, committed 70208K, reserved 487424K
  class space    used 9778K, committed 10176K, reserved 421888K
}
Event: 11.461 GC heap after
{Heap after GC invocations=31 (full 0):
 garbage-first heap   total 135168K, used 77749K [0x0000000080000000, 0x0000000100000000)
  region size 1024K, 4 young (4096K), 4 survivors (4096K)
 Metaspace       used 69383K, committed 70208K, reserved 487424K
  class space    used 9778K, committed 10176K, reserved 421888K
}
Event: 11.479 GC heap before
{Heap before GC invocations=31 (full 0):
 garbage-first heap   total 135168K, used 79797K [0x0000000080000000, 0x0000000100000000)
  region size 1024K, 6 young (6144K), 4 survivors (4096K)
 Metaspace       used 69545K, committed 70336K, reserved 487424K
  class space    used 9794K, committed 10176K, reserved 421888K
}
Event: 11.481 GC heap after
{Heap after GC invocations=32 (full 0):
 garbage-first heap   total 135168K, used 78018K [0x0000000080000000, 0x0000000100000000)
  region size 1024K, 1 young (1024K), 1 survivors (1024K)
 Metaspace       used 69545K, committed 70336K, reserved 487424K
  class space    used 9794K, committed 10176K, reserved 421888K
}
Event: 11.768 GC heap before
{Heap before GC invocations=32 (full 0):
 garbage-first heap   total 135168K, used 108738K [0x0000000080000000, 0x0000000100000000)
  region size 1024K, 31 young (31744K), 1 survivors (1024K)
 Metaspace       used 71202K, committed 72000K, reserved 487424K
  class space    used 10034K, committed 10432K, reserved 421888K
}
Event: 11.770 GC heap after
{Heap after GC invocations=33 (full 0):
 garbage-first heap   total 135168K, used 78677K [0x0000000080000000, 0x0000000100000000)
  region size 1024K, 1 young (1024K), 1 survivors (1024K)
 Metaspace       used 71202K, committed 72000K, reserved 487424K
  class space    used 10034K, committed 10432K, reserved 421888K
}
Event: 12.127 GC heap before
{Heap before GC invocations=34 (full 0):
 garbage-first heap   total 142336K, used 117589K [0x0000000080000000, 0x0000000100000000)
  region size 1024K, 32 young (32768K), 1 survivors (1024K)
 Metaspace       used 73516K, committed 74304K, reserved 487424K
  class space    used 10309K, committed 10688K, reserved 421888K
}
Event: 12.130 GC heap after
{Heap after GC invocations=35 (full 0):
 garbage-first heap   total 142336K, used 87509K [0x0000000080000000, 0x0000000100000000)
  region size 1024K, 3 young (3072K), 3 survivors (3072K)
 Metaspace       used 73516K, committed 74304K, reserved 487424K
  class space    used 10309K, committed 10688K, reserved 421888K
}
Event: 12.164 GC heap before
{Heap before GC invocations=35 (full 0):
 garbage-first heap   total 142336K, used 89557K [0x0000000080000000, 0x0000000100000000)
  region size 1024K, 6 young (6144K), 3 survivors (3072K)
 Metaspace       used 73819K, committed 74624K, reserved 487424K
  class space    used 10341K, committed 10752K, reserved 421888K
}
Event: 12.166 GC heap after
{Heap after GC invocations=36 (full 0):
 garbage-first heap   total 142336K, used 80135K [0x0000000080000000, 0x0000000100000000)
  region size 1024K, 1 young (1024K), 1 survivors (1024K)
 Metaspace       used 73819K, committed 74624K, reserved 487424K
  class space    used 10341K, committed 10752K, reserved 421888K
}
Event: 12.525 GC heap before
{Heap before GC invocations=36 (full 0):
 garbage-first heap   total 142336K, used 114951K [0x0000000080000000, 0x0000000100000000)
  region size 1024K, 35 young (35840K), 1 survivors (1024K)
 Metaspace       used 78785K, committed 79552K, reserved 495616K
  class space    used 11363K, committed 11712K, reserved 421888K
}
Event: 12.527 GC heap after
{Heap after GC invocations=37 (full 0):
 garbage-first heap   total 142336K, used 80457K [0x0000000080000000, 0x0000000100000000)
  region size 1024K, 1 young (1024K), 1 survivors (1024K)
 Metaspace       used 78785K, committed 79552K, reserved 495616K
  class space    used 11363K, committed 11712K, reserved 421888K
}
Event: 14.692 GC heap before
{Heap before GC invocations=38 (full 0):
 garbage-first heap   total 145408K, used 117321K [0x0000000080000000, 0x0000000100000000)
  region size 1024K, 37 young (37888K), 1 survivors (1024K)
 Metaspace       used 79917K, committed 80704K, reserved 495616K
  class space    used 11473K, committed 11840K, reserved 421888K
}
Event: 14.694 GC heap after
{Heap after GC invocations=39 (full 0):
 garbage-first heap   total 145408K, used 80956K [0x0000000080000000, 0x0000000100000000)
  region size 1024K, 2 young (2048K), 2 survivors (2048K)
 Metaspace       used 79917K, committed 80704K, reserved 495616K
  class space    used 11473K, committed 11840K, reserved 421888K
}
Event: 14.735 GC heap before
{Heap before GC invocations=39 (full 0):
 garbage-first heap   total 145408K, used 85052K [0x0000000080000000, 0x0000000100000000)
  region size 1024K, 7 young (7168K), 2 survivors (2048K)
 Metaspace       used 80449K, committed 81280K, reserved 495616K
  class space    used 11543K, committed 11904K, reserved 421888K
}
Event: 14.738 GC heap after
{Heap after GC invocations=40 (full 0):
 garbage-first heap   total 145408K, used 81223K [0x0000000080000000, 0x0000000100000000)
  region size 1024K, 1 young (1024K), 1 survivors (1024K)
 Metaspace       used 80449K, committed 81280K, reserved 495616K
  class space    used 11543K, committed 11904K, reserved 421888K
}
Event: 15.038 GC heap before
{Heap before GC invocations=40 (full 0):
 garbage-first heap   total 145408K, used 119111K [0x0000000080000000, 0x0000000100000000)
  region size 1024K, 38 young (38912K), 1 survivors (1024K)
 Metaspace       used 85434K, committed 86272K, reserved 503808K
  class space    used 12141K, committed 12544K, reserved 421888K
}

Dll operation events (14 events):
Event: 0.006 Loaded shared library C:\Users\hp\AppData\Local\Programs\Eclipse Adoptium\jdk-17.0.6.10-hotspot\bin\java.dll
Event: 0.015 Loaded shared library C:\Users\hp\AppData\Local\Programs\Eclipse Adoptium\jdk-17.0.6.10-hotspot\bin\jsvml.dll
Event: 0.058 Loaded shared library C:\Users\hp\AppData\Local\Programs\Eclipse Adoptium\jdk-17.0.6.10-hotspot\bin\zip.dll
Event: 0.060 Loaded shared library C:\Users\hp\AppData\Local\Programs\Eclipse Adoptium\jdk-17.0.6.10-hotspot\bin\instrument.dll
Event: 0.065 Loaded shared library C:\Users\hp\AppData\Local\Programs\Eclipse Adoptium\jdk-17.0.6.10-hotspot\bin\net.dll
Event: 0.067 Loaded shared library C:\Users\hp\AppData\Local\Programs\Eclipse Adoptium\jdk-17.0.6.10-hotspot\bin\nio.dll
Event: 0.070 Loaded shared library C:\Users\hp\AppData\Local\Programs\Eclipse Adoptium\jdk-17.0.6.10-hotspot\bin\zip.dll
Event: 0.262 Loaded shared library C:\Users\hp\AppData\Local\Programs\Eclipse Adoptium\jdk-17.0.6.10-hotspot\bin\jimage.dll
Event: 0.378 Loaded shared library C:\Users\hp\AppData\Local\Programs\Eclipse Adoptium\jdk-17.0.6.10-hotspot\bin\verify.dll
Event: 0.504 Loaded shared library C:\Users\hp\.gradle\native\c067742578af261105cb4f569cf0c3c89f3d7b1fecec35dd04571415982c5e48\windows-amd64\native-platform.dll
Event: 0.507 Loaded shared library C:\Users\hp\.gradle\native\100fb08df4bc3b14c8652ba06237920a3bd2aa13389f12d3474272988ae205f9\windows-amd64\native-platform-file-events.dll
Event: 1.321 Loaded shared library C:\Users\hp\AppData\Local\Programs\Eclipse Adoptium\jdk-17.0.6.10-hotspot\bin\management.dll
Event: 1.324 Loaded shared library C:\Users\hp\AppData\Local\Programs\Eclipse Adoptium\jdk-17.0.6.10-hotspot\bin\management_ext.dll
Event: 1.895 Loaded shared library C:\Users\hp\AppData\Local\Programs\Eclipse Adoptium\jdk-17.0.6.10-hotspot\bin\sunmscapi.dll

Deoptimization events (20 events):
Event: 14.642 Thread 0x00000162ec3c9890 Uncommon trap: trap_request=0xffffffc6 fr.pc=0x00000162db0ef39c relative=0x000000000000113c
Event: 14.642 Thread 0x00000162ec3c9890 Uncommon trap: reason=bimorphic_or_optimized_type_check action=maybe_recompile pc=0x00000162db0ef39c method=org.gradle.internal.snapshot.MediumChildMap.withNode(Lorg/gradle/internal/snapshot/VfsRelativePath;Lorg/gradle/internal/snapshot/CaseSensitivity;Lo
Event: 14.642 Thread 0x00000162ec3c9890 DEOPT PACKING pc=0x00000162db0ef39c sp=0x0000002ef5af5370
Event: 14.642 Thread 0x00000162ec3c9890 DEOPT UNPACKING pc=0x00000162da6469a3 sp=0x0000002ef5af5338 mode 2
Event: 14.642 Thread 0x00000162ec3c9890 Uncommon trap: trap_request=0xffffffc6 fr.pc=0x00000162db0ef39c relative=0x000000000000113c
Event: 14.642 Thread 0x00000162ec3c9890 Uncommon trap: reason=bimorphic_or_optimized_type_check action=maybe_recompile pc=0x00000162db0ef39c method=org.gradle.internal.snapshot.MediumChildMap.withNode(Lorg/gradle/internal/snapshot/VfsRelativePath;Lorg/gradle/internal/snapshot/CaseSensitivity;Lo
Event: 14.642 Thread 0x00000162ec3c9890 DEOPT PACKING pc=0x00000162db0ef39c sp=0x0000002ef5af5090
Event: 14.642 Thread 0x00000162ec3c9890 DEOPT UNPACKING pc=0x00000162da6469a3 sp=0x0000002ef5af5058 mode 2
Event: 14.738 Thread 0x00000162ec3c9890 Uncommon trap: trap_request=0xffffffbe fr.pc=0x00000162daf17a54 relative=0x0000000000000954
Event: 14.738 Thread 0x00000162ec3c9890 Uncommon trap: reason=profile_predicate action=maybe_recompile pc=0x00000162daf17a54 method=java.util.regex.Pattern$BnM.optimize(Ljava/util/regex/Pattern$Node;)Ljava/util/regex/Pattern$Node; @ 67 c2
Event: 14.738 Thread 0x00000162ec3c9890 DEOPT PACKING pc=0x00000162daf17a54 sp=0x0000002ef5af2fe0
Event: 14.738 Thread 0x00000162ec3c9890 DEOPT UNPACKING pc=0x00000162da6469a3 sp=0x0000002ef5af2f30 mode 2
Event: 14.738 Thread 0x00000162ec3c9890 Uncommon trap: trap_request=0xffffffbe fr.pc=0x00000162daf17a54 relative=0x0000000000000954
Event: 14.738 Thread 0x00000162ec3c9890 Uncommon trap: reason=profile_predicate action=maybe_recompile pc=0x00000162daf17a54 method=java.util.regex.Pattern$BnM.optimize(Ljava/util/regex/Pattern$Node;)Ljava/util/regex/Pattern$Node; @ 67 c2
Event: 14.738 Thread 0x00000162ec3c9890 DEOPT PACKING pc=0x00000162daf17a54 sp=0x0000002ef5af2fe0
Event: 14.738 Thread 0x00000162ec3c9890 DEOPT UNPACKING pc=0x00000162da6469a3 sp=0x0000002ef5af2f30 mode 2
Event: 14.972 Thread 0x00000162ec3c9890 Uncommon trap: trap_request=0xffffff45 fr.pc=0x00000162dabc0654 relative=0x0000000000000174
Event: 14.972 Thread 0x00000162ec3c9890 Uncommon trap: reason=unstable_if action=reinterpret pc=0x00000162dabc0654 method=sun.invoke.util.VerifyAccess.isTypeVisible(Ljava/lang/Class;Ljava/lang/Class;)Z @ 77 c2
Event: 14.972 Thread 0x00000162ec3c9890 DEOPT PACKING pc=0x00000162dabc0654 sp=0x0000002ef5af18b0
Event: 14.972 Thread 0x00000162ec3c9890 DEOPT UNPACKING pc=0x00000162da6469a3 sp=0x0000002ef5af1830 mode 2

Classes unloaded (15 events):
Event: 5.992 Thread 0x00000162e9ea7a70 Unloading class 0x00000008011943e8 '_BuildScript_$_run_closure1$_closure2'
Event: 5.992 Thread 0x00000162e9ea7a70 Unloading class 0x0000000801194000 '_BuildScript_$_run_closure1'
Event: 5.992 Thread 0x00000162e9ea7a70 Unloading class 0x000000080118c000 '_BuildScript_'
Event: 10.692 Thread 0x00000162e9ea7a70 Unloading class 0x0000000801231800 '_BuildScript_'
Event: 10.692 Thread 0x00000162e9ea7a70 Unloading class 0x000000080122d918 '_BuildScript_$_run_closure1$_closure2'
Event: 10.692 Thread 0x00000162e9ea7a70 Unloading class 0x000000080122d530 '_BuildScript_$_run_closure1'
Event: 10.692 Thread 0x00000162e9ea7a70 Unloading class 0x000000080122d000 '_BuildScript_'
Event: 10.692 Thread 0x00000162e9ea7a70 Unloading class 0x000000080122a000 '_BuildScript_$_run_closure1$_closure2'
Event: 10.692 Thread 0x00000162e9ea7a70 Unloading class 0x0000000801229918 '_BuildScript_$_run_closure1'
Event: 10.692 Thread 0x00000162e9ea7a70 Unloading class 0x00000008012293e8 '_BuildScript_'
Event: 10.692 Thread 0x00000162e9ea7a70 Unloading class 0x0000000801229000 'ProtobufPatchPlugin$_apply_closure1$_closure2$_closure3$_closure4'
Event: 10.692 Thread 0x00000162e9ea7a70 Unloading class 0x0000000801228a98 'ProtobufPatchPlugin$_apply_closure1$_closure2$_closure3'
Event: 10.692 Thread 0x00000162e9ea7a70 Unloading class 0x00000008012286b0 'ProtobufPatchPlugin$_apply_closure1$_closure2'
Event: 10.692 Thread 0x00000162e9ea7a70 Unloading class 0x00000008012282c8 'ProtobufPatchPlugin$_apply_closure1'
Event: 10.692 Thread 0x00000162e9ea7a70 Unloading class 0x0000000801228000 'ProtobufPatchPlugin'

Classes redefined (0 events):
No events

Internal exceptions (20 events):
Event: 11.852 Thread 0x00000162ec3c9890 Exception <a 'java/lang/ClassNotFoundException'{0x00000000882fe420}: org/jetbrains/kotlin/gradle/targets/js/npm/DefaultDevNpmDependencyExtensionBeanInfo> (0x00000000882fe420) 
thrown [s\src\hotspot\share\classfile\systemDictionary.cpp, line 256]
Event: 11.853 Thread 0x00000162ec3c9890 Exception <a 'java/lang/ClassNotFoundException'{0x00000000881133e8}: org/jetbrains/kotlin/gradle/targets/js/npm/DefaultDevNpmDependencyExtensionCustomizer> (0x00000000881133e8) 
thrown [s\src\hotspot\share\classfile\systemDictionary.cpp, line 256]
Event: 11.855 Thread 0x00000162ec3c9890 Exception <a 'java/lang/ClassNotFoundException'{0x0000000088169cb0}: org/jetbrains/kotlin/gradle/targets/js/npm/DefaultPeerNpmDependencyExtensionBeanInfo> (0x0000000088169cb0) 
thrown [s\src\hotspot\share\classfile\systemDictionary.cpp, line 256]
Event: 11.856 Thread 0x00000162ec3c9890 Exception <a 'java/lang/ClassNotFoundException'{0x000000008817e760}: org/jetbrains/kotlin/gradle/targets/js/npm/DefaultPeerNpmDependencyExtensionCustomizer> (0x000000008817e760) 
thrown [s\src\hotspot\share\classfile\systemDictionary.cpp, line 256]
Event: 11.859 Thread 0x00000162ec3c9890 Exception <a 'java/lang/ClassNotFoundException'{0x00000000881de450}: org/jetbrains/kotlin/gradle/targets/js/npm/DefaultPeerNpmDependencyExtension$delegate$1BeanInfo> (0x00000000881de450) 
thrown [s\src\hotspot\share\classfile\systemDictionary.cpp, line 256]
Event: 11.860 Thread 0x00000162ec3c9890 Exception <a 'java/lang/ClassNotFoundException'{0x00000000881f30c0}: org/jetbrains/kotlin/gradle/targets/js/npm/DefaultPeerNpmDependencyExtension$delegate$1Customizer> (0x00000000881f30c0) 
thrown [s\src\hotspot\share\classfile\systemDictionary.cpp, line 256]
Event: 11.873 Thread 0x00000162ec3c9890 Exception <a 'java/lang/NoSuchMethodError'{0x0000000087f6d1c8}: static Lorg/jetbrains/kotlin/gradle/plugin/internal/DefaultIdeaSyncDetector$createIdeaPropertiesEvaluator$1;.<clinit>()V> (0x0000000087f6d1c8) 
thrown [s\src\hotspot\share\prims\jni.cpp, line 1107]
Event: 12.161 Thread 0x00000162ec3c9890 Exception <a 'java/lang/NoSuchMethodError'{0x00000000889bcf00}: 'java.lang.Object java.lang.invoke.DirectMethodHandle$Holder.invokeStaticInit(java.lang.Object, int)'> (0x00000000889bcf00) 
thrown [s\src\hotspot\share\interpreter\linkResolver.cpp, line 759]
Event: 12.231 Thread 0x00000162ec3c9890 Implicit null exception at 0x00000162dace1493 to 0x00000162dace15cc
Event: 14.746 Thread 0x00000162ec3c9890 Exception <a 'sun/nio/fs/WindowsException'{0x000000008f5a8a10}> (0x000000008f5a8a10) 
thrown [s\src\hotspot\share\prims\jni.cpp, line 516]
Event: 14.746 Thread 0x00000162ec3c9890 Exception <a 'sun/nio/fs/WindowsException'{0x000000008f5aab30}> (0x000000008f5aab30) 
thrown [s\src\hotspot\share\prims\jni.cpp, line 516]
Event: 14.831 Thread 0x00000162ec3c9890 Exception <a 'java/lang/NoSuchMethodError'{0x00000000881ddb08}: 'long java.lang.invoke.DirectMethodHandle$Holder.invokeStatic(java.lang.Object)'> (0x00000000881ddb08) 
thrown [s\src\hotspot\share\interpreter\linkResolver.cpp, line 759]
Event: 14.832 Thread 0x00000162ec3c9890 Exception <a 'java/lang/NoSuchMethodError'{0x00000000881e2bf8}: 'long java.lang.invoke.DirectMethodHandle$Holder.invokeStaticInit(java.lang.Object)'> (0x00000000881e2bf8) 
thrown [s\src\hotspot\share\interpreter\linkResolver.cpp, line 759]
Event: 14.874 Thread 0x00000162ec3c9890 Exception <a 'java/lang/NoSuchMethodError'{0x0000000087b6e378}: 'long java.lang.invoke.Invokers$Holder.invoke_MT(java.lang.Object, java.lang.Object, java.lang.Object, java.lang.Object)'> (0x0000000087b6e378) 
thrown [s\src\hotspot\share\interpreter\linkResolver.cpp, line 759]
Event: 14.875 Thread 0x00000162ec3c9890 Exception <a 'java/lang/NoSuchMethodError'{0x0000000087b77c00}: 'int java.lang.invoke.Invokers$Holder.invoke_MT(java.lang.Object, java.lang.Object, java.lang.Object, java.lang.Object)'> (0x0000000087b77c00) 
thrown [s\src\hotspot\share\interpreter\linkResolver.cpp, line 759]
Event: 14.875 Thread 0x00000162ec3c9890 Exception <a 'java/lang/NoSuchMethodError'{0x0000000087b85070}: 'void java.lang.invoke.DelegatingMethodHandle$Holder.reinvoke_L(java.lang.Object, java.lang.Object, java.lang.Object, long, java.lang.Object)'> (0x0000000087b85070) 
thrown [s\src\hotspot\share\interpreter\linkResolver.cpp, line 759]
Event: 14.876 Thread 0x00000162ec3c9890 Exception <a 'java/lang/NoSuchMethodError'{0x0000000087b98ce0}: 'int java.lang.invoke.DelegatingMethodHandle$Holder.reinvoke_L(java.lang.Object, java.lang.Object, java.lang.Object, long, java.lang.Object, java.lang.Object)'> (0x0000000087b98ce0) 
thrown [s\src\hotspot\share\interpreter\linkResolver.cpp, line 759]
Event: 14.877 Thread 0x00000162ec3c9890 Exception <a 'java/lang/NoSuchMethodError'{0x0000000087ba9190}: 'int java.lang.invoke.DelegatingMethodHandle$Holder.reinvoke_L(java.lang.Object, java.lang.Object, java.lang.Object, long, int, int)'> (0x0000000087ba9190) 
thrown [s\src\hotspot\share\interpreter\linkResolver.cpp, line 759]
Event: 14.878 Thread 0x00000162ec3c9890 Exception <a 'java/lang/NoSuchMethodError'{0x0000000087bb93e8}: 'int java.lang.invoke.DelegatingMethodHandle$Holder.reinvoke_L(java.lang.Object, java.lang.Object, java.lang.Object, long, long, long)'> (0x0000000087bb93e8) 
thrown [s\src\hotspot\share\interpreter\linkResolver.cpp, line 759]
Event: 14.878 Thread 0x00000162ec3c9890 Exception <a 'java/lang/NoSuchMethodError'{0x0000000087bc9320}: 'int java.lang.invoke.DelegatingMethodHandle$Holder.reinvoke_L(java.lang.Object, java.lang.Object, java.lang.Object, long, int)'> (0x0000000087bc9320) 
thrown [s\src\hotspot\share\interpreter\linkResolver.cpp, line 759]

VM Operations (20 events):
Event: 12.527 Executing VM operation: G1CollectForAllocation done
Event: 12.568 Executing VM operation: G1Concurrent
Event: 12.571 Executing VM operation: G1Concurrent done
Event: 12.588 Executing VM operation: G1Concurrent
Event: 12.589 Executing VM operation: G1Concurrent done
Event: 13.602 Executing VM operation: Cleanup
Event: 13.602 Executing VM operation: Cleanup done
Event: 14.592 Executing VM operation: HandshakeAllThreads
Event: 14.592 Executing VM operation: HandshakeAllThreads done
Event: 14.598 Executing VM operation: HandshakeAllThreads
Event: 14.598 Executing VM operation: HandshakeAllThreads done
Event: 14.691 Executing VM operation: G1CollectForAllocation
Event: 14.694 Executing VM operation: G1CollectForAllocation done
Event: 14.734 Executing VM operation: G1CollectForAllocation
Event: 14.738 Executing VM operation: G1CollectForAllocation done
Event: 14.744 Executing VM operation: HandshakeAllThreads
Event: 14.744 Executing VM operation: HandshakeAllThreads done
Event: 14.837 Executing VM operation: HandshakeAllThreads
Event: 14.837 Executing VM operation: HandshakeAllThreads done
Event: 15.038 Executing VM operation: G1CollectForAllocation

Events (20 events):
Event: 14.781 loading class java/lang/AbstractMethodError
Event: 14.781 loading class java/lang/AbstractMethodError done
Event: 14.832 loading class java/util/concurrent/atomic/AtomicLongFieldUpdater
Event: 14.832 loading class java/util/concurrent/atomic/AtomicLongFieldUpdater done
Event: 14.832 loading class java/util/concurrent/atomic/AtomicLongFieldUpdater$CASUpdater
Event: 14.832 loading class java/util/concurrent/atomic/AtomicLongFieldUpdater$CASUpdater done
Event: 14.832 loading class java/util/concurrent/atomic/AtomicLongFieldUpdater$CASUpdater$1
Event: 14.833 loading class java/util/concurrent/atomic/AtomicLongFieldUpdater$CASUpdater$1 done
Event: 14.948 loading class javax/xml/stream/XMLStreamException
Event: 14.948 loading class javax/xml/stream/XMLStreamException done
Event: 14.952 loading class javax/xml/stream/Location
Event: 14.952 loading class javax/xml/stream/Location done
Event: 14.953 loading class javax/xml/namespace/NamespaceContext
Event: 14.953 loading class javax/xml/namespace/NamespaceContext done
Event: 14.953 loading class javax/xml/stream/XMLStreamConstants
Event: 14.953 loading class javax/xml/stream/XMLStreamConstants done
Event: 14.956 loading class java/io/CharConversionException
Event: 14.956 loading class java/io/CharConversionException done
Event: 14.957 loading class javax/xml/stream/XMLStreamReader
Event: 14.957 loading class javax/xml/stream/XMLStreamReader done


Dynamic libraries:
0x00007ff75fd40000 - 0x00007ff75fd4e000 	C:\Users\hp\AppData\Local\Programs\Eclipse Adoptium\jdk-17.0.6.10-hotspot\bin\java.exe
0x00007ff8ffb90000 - 0x00007ff8ffda7000 	C:\WINDOWS\SYSTEM32\ntdll.dll
0x00007ff8fefd0000 - 0x00007ff8ff094000 	C:\WINDOWS\System32\KERNEL32.DLL
0x00007ff8fce10000 - 0x00007ff8fd1e1000 	C:\WINDOWS\System32\KERNELBASE.dll
0x00007ff8fd1f0000 - 0x00007ff8fd301000 	C:\WINDOWS\System32\ucrtbase.dll
0x00007ff8f6ef0000 - 0x00007ff8f6f07000 	C:\Users\hp\AppData\Local\Programs\Eclipse Adoptium\jdk-17.0.6.10-hotspot\bin\jli.dll
0x00007ff8f8c60000 - 0x00007ff8f8c79000 	C:\Users\hp\AppData\Local\Programs\Eclipse Adoptium\jdk-17.0.6.10-hotspot\bin\VCRUNTIME140.dll
0x00007ff8ff1d0000 - 0x00007ff8ff381000 	C:\WINDOWS\System32\USER32.dll
0x00007ff8e6910000 - 0x00007ff8e6ba2000 	C:\WINDOWS\WinSxS\amd64_microsoft.windows.common-controls_6595b64144ccf1df_6.0.22621.4830_none_270fe7d773858e80\COMCTL32.dll
0x00007ff8fd500000 - 0x00007ff8fd526000 	C:\WINDOWS\System32\win32u.dll
0x00007ff8fe0f0000 - 0x00007ff8fe119000 	C:\WINDOWS\System32\GDI32.dll
0x00007ff8fd530000 - 0x00007ff8fd64b000 	C:\WINDOWS\System32\gdi32full.dll
0x00007ff8fd650000 - 0x00007ff8fd6ea000 	C:\WINDOWS\System32\msvcp_win.dll
0x00007ff8fe2e0000 - 0x00007ff8fe387000 	C:\WINDOWS\System32\msvcrt.dll
0x00007ff8ff0d0000 - 0x00007ff8ff101000 	C:\WINDOWS\System32\IMM32.DLL
0x00007ff8f7d80000 - 0x00007ff8f7d8c000 	C:\Users\hp\AppData\Local\Programs\Eclipse Adoptium\jdk-17.0.6.10-hotspot\bin\vcruntime140_1.dll
0x00007ff8d7ed0000 - 0x00007ff8d7f61000 	C:\Users\hp\AppData\Local\Programs\Eclipse Adoptium\jdk-17.0.6.10-hotspot\bin\msvcp140.dll
0x00007ff85f880000 - 0x00007ff8604c7000 	C:\Users\hp\AppData\Local\Programs\Eclipse Adoptium\jdk-17.0.6.10-hotspot\bin\server\jvm.dll
0x00007ff8ff110000 - 0x00007ff8ff1c1000 	C:\WINDOWS\System32\ADVAPI32.dll
0x00007ff8fe040000 - 0x00007ff8fe0e7000 	C:\WINDOWS\System32\sechost.dll
0x00007ff8fd450000 - 0x00007ff8fd478000 	C:\WINDOWS\System32\bcrypt.dll
0x00007ff8fdf20000 - 0x00007ff8fe034000 	C:\WINDOWS\System32\RPCRT4.dll
0x00007ff8f7e70000 - 0x00007ff8f7e79000 	C:\WINDOWS\SYSTEM32\WSOCK32.dll
0x00007ff8f7ca0000 - 0x00007ff8f7cd4000 	C:\WINDOWS\SYSTEM32\WINMM.dll
0x00007ff8f6f60000 - 0x00007ff8f6f6a000 	C:\WINDOWS\SYSTEM32\VERSION.dll
0x00007ff8fda20000 - 0x00007ff8fda91000 	C:\WINDOWS\System32\WS2_32.dll
0x00007ff8fbd30000 - 0x00007ff8fbd48000 	C:\WINDOWS\SYSTEM32\kernel.appcore.dll
0x00007ff8f6ee0000 - 0x00007ff8f6eea000 	C:\Users\hp\AppData\Local\Programs\Eclipse Adoptium\jdk-17.0.6.10-hotspot\bin\jimage.dll
0x00007ff8f45e0000 - 0x00007ff8f4812000 	C:\WINDOWS\SYSTEM32\DBGHELP.DLL
0x00007ff8ff7c0000 - 0x00007ff8ffb50000 	C:\WINDOWS\System32\combase.dll
0x00007ff8ff390000 - 0x00007ff8ff467000 	C:\WINDOWS\System32\OLEAUT32.dll
0x00007ff8da390000 - 0x00007ff8da3c2000 	C:\WINDOWS\SYSTEM32\dbgcore.DLL
0x00007ff8fd480000 - 0x00007ff8fd4fb000 	C:\WINDOWS\System32\bcryptPrimitives.dll
0x00007ff8df350000 - 0x00007ff8df35e000 	C:\Users\hp\AppData\Local\Programs\Eclipse Adoptium\jdk-17.0.6.10-hotspot\bin\instrument.dll
0x00007ff8f4d00000 - 0x00007ff8f4d25000 	C:\Users\hp\AppData\Local\Programs\Eclipse Adoptium\jdk-17.0.6.10-hotspot\bin\java.dll
0x00007ff8d3bb0000 - 0x00007ff8d3c86000 	C:\Users\hp\AppData\Local\Programs\Eclipse Adoptium\jdk-17.0.6.10-hotspot\bin\jsvml.dll
0x00007ff8fe390000 - 0x00007ff8fec18000 	C:\WINDOWS\System32\SHELL32.dll
0x00007ff8fccd0000 - 0x00007ff8fce0f000 	C:\WINDOWS\System32\wintypes.dll
0x00007ff8fabf0000 - 0x00007ff8fb4fd000 	C:\WINDOWS\SYSTEM32\windows.storage.dll
0x00007ff8fee20000 - 0x00007ff8fef2a000 	C:\WINDOWS\System32\SHCORE.dll
0x00007ff8ff6e0000 - 0x00007ff8ff73e000 	C:\WINDOWS\System32\shlwapi.dll
0x00007ff8fcc00000 - 0x00007ff8fcc2b000 	C:\WINDOWS\SYSTEM32\profapi.dll
0x00007ff8f3cc0000 - 0x00007ff8f3cd8000 	C:\Users\hp\AppData\Local\Programs\Eclipse Adoptium\jdk-17.0.6.10-hotspot\bin\zip.dll
0x00007ff8f6920000 - 0x00007ff8f6939000 	C:\Users\hp\AppData\Local\Programs\Eclipse Adoptium\jdk-17.0.6.10-hotspot\bin\net.dll
0x00007ff8f7920000 - 0x00007ff8f7a4c000 	C:\WINDOWS\SYSTEM32\WINHTTP.dll
0x00007ff8fc230000 - 0x00007ff8fc29a000 	C:\WINDOWS\system32\mswsock.dll
0x00007ff8f4ce0000 - 0x00007ff8f4cf5000 	C:\Users\hp\AppData\Local\Programs\Eclipse Adoptium\jdk-17.0.6.10-hotspot\bin\nio.dll
0x00007ff8f6ed0000 - 0x00007ff8f6ee0000 	C:\Users\hp\AppData\Local\Programs\Eclipse Adoptium\jdk-17.0.6.10-hotspot\bin\verify.dll
0x00007ff8d7e50000 - 0x00007ff8d7e77000 	C:\Users\hp\.gradle\native\c067742578af261105cb4f569cf0c3c89f3d7b1fecec35dd04571415982c5e48\windows-amd64\native-platform.dll
0x00007ff8b3450000 - 0x00007ff8b3594000 	C:\Users\hp\.gradle\native\100fb08df4bc3b14c8652ba06237920a3bd2aa13389f12d3474272988ae205f9\windows-amd64\native-platform-file-events.dll
0x00007ff8e5090000 - 0x00007ff8e5099000 	C:\Users\hp\AppData\Local\Programs\Eclipse Adoptium\jdk-17.0.6.10-hotspot\bin\management.dll
0x00007ff8df490000 - 0x00007ff8df49b000 	C:\Users\hp\AppData\Local\Programs\Eclipse Adoptium\jdk-17.0.6.10-hotspot\bin\management_ext.dll
0x00007ff8ff580000 - 0x00007ff8ff588000 	C:\WINDOWS\System32\PSAPI.DLL
0x00007ff8fc460000 - 0x00007ff8fc47b000 	C:\WINDOWS\SYSTEM32\CRYPTSP.dll
0x00007ff8fbd50000 - 0x00007ff8fbd87000 	C:\WINDOWS\system32\rsaenh.dll
0x00007ff8fc2e0000 - 0x00007ff8fc308000 	C:\WINDOWS\SYSTEM32\USERENV.dll
0x00007ff8fc480000 - 0x00007ff8fc48c000 	C:\WINDOWS\SYSTEM32\CRYPTBASE.dll
0x00007ff8fb810000 - 0x00007ff8fb83d000 	C:\WINDOWS\SYSTEM32\IPHLPAPI.DLL
0x00007ff8fefc0000 - 0x00007ff8fefc9000 	C:\WINDOWS\System32\NSI.dll
0x00007ff8f7750000 - 0x00007ff8f7769000 	C:\WINDOWS\SYSTEM32\dhcpcsvc6.DLL
0x00007ff8f75e0000 - 0x00007ff8f75ff000 	C:\WINDOWS\SYSTEM32\dhcpcsvc.DLL
0x00007ff8fb840000 - 0x00007ff8fb942000 	C:\WINDOWS\SYSTEM32\DNSAPI.dll
0x00007ff8f4d60000 - 0x00007ff8f4d6e000 	C:\Users\hp\AppData\Local\Programs\Eclipse Adoptium\jdk-17.0.6.10-hotspot\bin\sunmscapi.dll
0x00007ff8fd6f0000 - 0x00007ff8fd856000 	C:\WINDOWS\System32\CRYPT32.dll
0x00007ff8fc690000 - 0x00007ff8fc6bd000 	C:\WINDOWS\SYSTEM32\ncrypt.dll
0x00007ff8fc650000 - 0x00007ff8fc687000 	C:\WINDOWS\SYSTEM32\NTASN1.dll
0x00007ff8ae920000 - 0x00007ff8ae928000 	C:\WINDOWS\system32\wshunix.dll
0x00007ff8fbee0000 - 0x00007ff8fbf14000 	C:\WINDOWS\SYSTEM32\ntmarta.dll

dbghelp: loaded successfully - version: 4.0.5 - missing functions: none
symbol engine: initialized successfully - sym options: 0x614 - pdb path: .;C:\Users\hp\AppData\Local\Programs\Eclipse Adoptium\jdk-17.0.6.10-hotspot\bin;C:\WINDOWS\SYSTEM32;C:\WINDOWS\WinSxS\amd64_microsoft.windows.common-controls_6595b64144ccf1df_6.0.22621.4830_none_270fe7d773858e80;C:\Users\hp\AppData\Local\Programs\Eclipse Adoptium\jdk-17.0.6.10-hotspot\bin\server;C:\Users\hp\.gradle\native\c067742578af261105cb4f569cf0c3c89f3d7b1fecec35dd04571415982c5e48\windows-amd64;C:\Users\hp\.gradle\native\100fb08df4bc3b14c8652ba06237920a3bd2aa13389f12d3474272988ae205f9\windows-amd64

VM Arguments:
jvm_args: -XX:MaxMetaspaceSize=512m --add-opens=java.base/java.util=ALL-UNNAMED --add-opens=java.base/java.lang=ALL-UNNAMED --add-opens=java.base/java.lang.invoke=ALL-UNNAMED --add-opens=java.prefs/java.util.prefs=ALL-UNNAMED --add-exports=jdk.compiler/com.sun.tools.javac.api=ALL-UNNAMED --add-exports=jdk.compiler/com.sun.tools.javac.util=ALL-UNNAMED --add-opens=java.base/java.nio.charset=ALL-UNNAMED --add-opens=java.base/java.net=ALL-UNNAMED --add-opens=java.base/java.util.concurrent.atomic=ALL-UNNAMED -Xmx2048m -Dfile.encoding=utf8 -Duser.country=IN -Duser.language=en -Duser.variant -javaagent:C:\Users\hp\.gradle\wrapper\dists\gradle-8.10.2-all\7iv73wktx1xtkvlq19urqw1wm\gradle-8.10.2\lib\agents\gradle-instrumentation-agent-8.10.2.jar 
java_command: org.gradle.launcher.daemon.bootstrap.GradleDaemon 8.10.2
java_class_path (initial): C:\Users\hp\.gradle\wrapper\dists\gradle-8.10.2-all\7iv73wktx1xtkvlq19urqw1wm\gradle-8.10.2\lib\gradle-daemon-main-8.10.2.jar
Launcher Type: SUN_STANDARD

[Global flags]
     intx CICompilerCount                          = 4                                         {product} {ergonomic}
   size_t CompressedClassSpaceSize                 = 432013312                                 {product} {ergonomic}
     uint ConcGCThreads                            = 3                                         {product} {ergonomic}
     uint G1ConcRefinementThreads                  = 10                                        {product} {ergonomic}
   size_t G1HeapRegionSize                         = 1048576                                   {product} {ergonomic}
    uintx GCDrainStackTargetSize                   = 64                                        {product} {ergonomic}
   size_t InitialHeapSize                          = 257949696                                 {product} {ergonomic}
   size_t MarkStackSize                            = 4194304                                   {product} {ergonomic}
   size_t MaxHeapSize                              = 2147483648                                {product} {command line}
   size_t MaxMetaspaceSize                         = 536870912                                 {product} {command line}
   size_t MaxNewSize                               = 1287651328                                {product} {ergonomic}
   size_t MinHeapDeltaBytes                        = 1048576                                   {product} {ergonomic}
   size_t MinHeapSize                              = 8388608                                   {product} {ergonomic}
    uintx NonNMethodCodeHeapSize                   = 5839372                                {pd product} {ergonomic}
    uintx NonProfiledCodeHeapSize                  = 122909434                              {pd product} {ergonomic}
    uintx ProfiledCodeHeapSize                     = 122909434                              {pd product} {ergonomic}
    uintx ReservedCodeCacheSize                    = 251658240                              {pd product} {ergonomic}
     bool SegmentedCodeCache                       = true                                      {product} {ergonomic}
   size_t SoftMaxHeapSize                          = 2147483648                             {manageable} {ergonomic}
     bool UseCompressedClassPointers               = true                           {product lp64_product} {ergonomic}
     bool UseCompressedOops                        = true                           {product lp64_product} {ergonomic}
     bool UseG1GC                                  = true                                      {product} {ergonomic}
     bool UseLargePagesIndividualAllocation        = false                                  {pd product} {ergonomic}

Logging:
Log output configuration:
 #0: stdout all=warning uptime,level,tags
 #1: stderr all=off uptime,level,tags

Environment Variables:
JAVA_HOME=C:\Users\hp\AppData\Local\Programs\Eclipse Adoptium\jdk-17.0.6.10-hotspot\
PATH=C:\Program Files\Common Files\Oracle\Java\javapath;C:\Program Files (x86)\Common Files\Oracle\Java\javapath;C:\windows\system32;C:\windows;C:\windows\System32\Wbem;C:\windows\System32\WindowsPowerShell\v1.0\;C:\windows\System32\OpenSSH\;C:\Program Files (x86)\NVIDIA Corporation\PhysX\Common;C:\Program Files\NVIDIA Corporation\NVIDIA NvDLISR;C:\MinGW\bin;C:\WINDOWS\system32;C:\WINDOWS;C:\WINDOWS\System32\Wbem;C:\WINDOWS\System32\WindowsPowerShell\v1.0\;C:\WINDOWS\System32\OpenSSH\;C:\Program Files\dotnet\;C:\Program Files\Java\jre1.8.0_351\bin;C:\Program Files\MySQL\MySQL Server 8.0\bin;C:\Program Files\nodejs\;C:\Program Files\Git\cmd;C:\Program Files\MySQL\MySQL Shell 8.0\bin\;C:\Users\hp\AppData\Local\Microsoft\WindowsApps;C:\Users\hp\AppData\Local\Programs\Microsoft VS Code\bin;C:\Program Files\Java\jdk-20\bin;C:\GnuWin32\bin;C:\Dev-Cpp\bin;C:\Users\hp\AppData\Roaming\npm
USERNAME=hp
OS=Windows_NT
PROCESSOR_IDENTIFIER=AMD64 Family 25 Model 80 Stepping 0, AuthenticAMD
TMP=C:\Users\hp\AppData\Local\Temp
TEMP=C:\Users\hp\AppData\Local\Temp



---------------  S Y S T E M  ---------------

OS:
 Windows 11 , 64 bit Build 22621 (10.0.22621.4974)
OS uptime: 0 days 1:04 hours
Hyper-V role detected

CPU: total 12 (initial active 12) (12 cores per cpu, 2 threads per core) family 25 model 80 stepping 0 microcode 0x0, cx8, cmov, fxsr, ht, mmx, 3dnowpref, sse, sse2, sse3, ssse3, sse4a, sse4.1, sse4.2, popcnt, lzcnt, tsc, tscinvbit, avx, avx2, aes, erms, clmul, bmi1, bmi2, adx, sha, fma, vzeroupper, clflush, clflushopt, hv

Memory: 4k page, system-wide physical 15713M (4765M free)
TotalPageFile size 15713M (AvailPageFile size 77M)
current process WorkingSet (physical memory assigned to process): 407M, peak: 407M
current process commit charge ("private bytes"): 452M, peak: 545M

vm_info: OpenJDK 64-Bit Server VM (17.0.6+10) for windows-amd64 JRE (17.0.6+10), built on Jan 18 2023 10:08:59 by "temurin" with MS VC++ 16.7 (VS2019)

END.
